2015-10-14	9:25:40 PM	
2015-10-14	9:25:41 PM	GET / HTTP/1.1
2015-10-14	9:25:41 PM	GET /assets/loader.js HTTP/1.1
2015-10-14	9:25:41 PM	GET /assets/app/js/app.js HTTP/1.1
2015-10-14	9:25:41 PM	GET /assets/bootstrap/css/bootstrap.min.css HTTP/1.1
2015-10-14	9:25:41 PM	GET /assets/bootflat-custom/css/site.min.css HTTP/1.1
2015-10-14	9:25:41 PM	GET /assets/app/css/main.css HTTP/1.1
2015-10-14	9:25:41 PM	GET /assets/jquery/jquery.min.js HTTP/1.1
2015-10-14	9:25:41 PM	GET /assets/bootstrap/js/bootstrap.min.js HTTP/1.1
2015-10-14	9:25:41 PM	GET /assets/bootflat/js/site.min.js HTTP/1.1
2015-10-14	9:25:41 PM	GET /favicon.ico HTTP/1.1
2015-10-14	9:26:02 PM	
2015-10-14	9:26:02 PM	GET / HTTP/1.1
2015-10-14	9:26:02 PM	GET /assets/loader.js HTTP/1.1
2015-10-14	9:26:02 PM	GET /assets/app/js/app.js HTTP/1.1
2015-10-14	9:26:02 PM	GET /assets/bootstrap/css/bootstrap.min.css HTTP/1.1
2015-10-14	9:26:02 PM	GET /assets/bootflat-custom/css/site.min.css HTTP/1.1
2015-10-14	9:26:02 PM	GET /assets/app/css/main.css HTTP/1.1
2015-10-14	9:26:02 PM	GET /assets/jquery/jquery.min.js HTTP/1.1
2015-10-14	9:26:02 PM	GET /assets/bootstrap/js/bootstrap.min.js HTTP/1.1
2015-10-14	9:26:02 PM	GET /assets/bootflat/js/site.min.js HTTP/1.1
2015-10-14	9:26:02 PM	GET /favicon.ico HTTP/1.1
2015-10-14	9:26:32 PM	GET / HTTP/1.1
2015-10-14	9:26:33 PM	GET /assets/loader.js HTTP/1.1
2015-10-14	9:26:33 PM	GET /assets/app/js/app.js HTTP/1.1
2015-10-14	9:26:33 PM	GET /assets/bootstrap/css/bootstrap.min.css HTTP/1.1
2015-10-14	9:26:33 PM	GET /assets/bootflat-custom/css/site.min.css HTTP/1.1
2015-10-14	9:26:33 PM	GET /assets/app/css/main.css HTTP/1.1
2015-10-14	9:26:33 PM	GET /assets/jquery/jquery.min.js HTTP/1.1
2015-10-14	9:26:34 PM	GET /assets/bootstrap/js/bootstrap.min.js HTTP/1.1
2015-10-14	9:26:34 PM	GET /assets/bootflat/js/site.min.js HTTP/1.1
2015-10-14	9:26:35 PM	GET /favicon.ico HTTP/1.1
2015-10-14	9:29:42 PM	GET / HTTP/1.1
2015-10-14	9:29:42 PM	GET /assets/loader.js HTTP/1.1
2015-10-14	9:29:42 PM	GET /assets/app/js/app.js HTTP/1.1
2015-10-14	9:29:42 PM	GET /assets/bootstrap/css/bootstrap.min.css HTTP/1.1
2015-10-14	9:29:42 PM	GET /assets/bootflat-custom/css/site.min.css HTTP/1.1
2015-10-14	9:29:42 PM	GET /assets/app/css/main.css HTTP/1.1
2015-10-14	9:29:42 PM	GET /assets/jquery/jquery.min.js HTTP/1.1
2015-10-14	9:29:43 PM	GET /assets/bootstrap/js/bootstrap.min.js HTTP/1.1
2015-10-14	9:29:43 PM	GET /assets/bootflat/js/site.min.js HTTP/1.1
2015-10-14	9:29:43 PM	GET /favicon.ico HTTP/1.1
2015-10-14	9:29:46 PM	GET / HTTP/1.1
2015-10-14	9:29:46 PM	GET /assets/loader.js HTTP/1.1
2015-10-14	9:29:46 PM	GET /assets/app/js/app.js HTTP/1.1
2015-10-14	9:29:46 PM	GET /assets/bootstrap/css/bootstrap.min.css HTTP/1.1
2015-10-14	9:29:46 PM	GET /assets/bootflat-custom/css/site.min.css HTTP/1.1
2015-10-14	9:29:46 PM	GET /assets/app/css/main.css HTTP/1.1
2015-10-14	9:29:47 PM	GET /assets/jquery/jquery.min.js HTTP/1.1
2015-10-14	9:29:47 PM	GET /assets/bootstrap/js/bootstrap.min.js HTTP/1.1
2015-10-14	9:29:47 PM	GET /assets/bootflat/js/site.min.js HTTP/1.1
2015-10-14	9:29:47 PM	GET /favicon.ico HTTP/1.1
2015-10-14	9:29:52 PM	GET /assets/bootstrap/css/bootstrap.min.css HTTP/1.1
2015-10-14	9:29:52 PM	GET /assets/bootflat-custom/css/site.min.css HTTP/1.1
2015-10-14	9:29:52 PM	GET /assets/app/css/main.css HTTP/1.1
2015-10-14	9:29:52 PM	GET /assets/bootflat/js/site.min.map HTTP/1.1
2015-10-14	9:29:52 PM	GET /assets/bootflat-custom/css/site.min.css.map HTTP/1.1
2015-10-14	9:29:52 PM	GET /assets/app/css/main.css.map HTTP/1.1
2015-10-14	9:29:54 PM	GET / HTTP/1.1
2015-10-14	9:29:54 PM	GET /assets/loader.js HTTP/1.1
2015-10-14	9:29:54 PM	GET /assets/app/js/app.js HTTP/1.1
2015-10-14	9:29:54 PM	GET /assets/bootstrap/css/bootstrap.min.css HTTP/1.1
2015-10-14	9:29:54 PM	GET /assets/bootflat-custom/css/site.min.css HTTP/1.1
2015-10-14	9:29:54 PM	GET /assets/app/css/main.css HTTP/1.1
2015-10-14	9:29:54 PM	GET /assets/jquery/jquery.min.js HTTP/1.1
2015-10-14	9:29:54 PM	GET /assets/bootflat-custom/css/site.min.css.map HTTP/1.1
2015-10-14	9:29:54 PM	GET /assets/app/css/main.css.map HTTP/1.1
2015-10-14	9:29:54 PM	GET /assets/bootstrap/js/bootstrap.min.js HTTP/1.1
2015-10-14	9:29:54 PM	GET /assets/bootflat/js/site.min.js HTTP/1.1
2015-10-14	9:29:54 PM	GET /assets/bootflat/js/site.min.map HTTP/1.1
2015-10-14	9:29:54 PM	GET /favicon.ico HTTP/1.1
2015-10-14	9:31:46 PM	GET / HTTP/1.1
2015-10-14	9:31:46 PM	GET /assets/loader.js HTTP/1.1
2015-10-14	9:31:46 PM	GET /assets/app/js/app.js HTTP/1.1
2015-10-14	9:31:46 PM	GET /assets/bootstrap/css/bootstrap.min.css HTTP/1.1
2015-10-14	9:31:46 PM	GET /assets/bootflat-custom/css/site.min.css HTTP/1.1
2015-10-14	9:31:46 PM	GET /assets/app/css/main.css HTTP/1.1
2015-10-14	9:31:46 PM	GET /assets/jquery/jquery.min.js HTTP/1.1
2015-10-14	9:31:46 PM	GET /assets/bootflat-custom/css/site.min.css.map HTTP/1.1
2015-10-14	9:31:46 PM	GET /assets/app/css/main.css.map HTTP/1.1
2015-10-14	9:31:46 PM	GET /assets/bootstrap/js/bootstrap.min.js HTTP/1.1
2015-10-14	9:31:46 PM	GET /assets/bootflat/js/site.min.js HTTP/1.1
2015-10-14	9:31:46 PM	GET /assets/bootflat/js/site.min.map HTTP/1.1
2015-10-14	9:31:46 PM	GET /favicon.ico HTTP/1.1
2015-10-14	9:32:10 PM	GET / HTTP/1.1
2015-10-14	9:32:10 PM	GET /assets/loader.js HTTP/1.1
2015-10-14	9:32:10 PM	GET /assets/app/js/app.js HTTP/1.1
2015-10-14	9:32:10 PM	GET /assets/bootstrap/css/bootstrap.min.css HTTP/1.1
2015-10-14	9:32:10 PM	GET /assets/bootflat-custom/css/site.min.css HTTP/1.1
2015-10-14	9:32:10 PM	GET /assets/app/css/main.css HTTP/1.1
2015-10-14	9:32:10 PM	GET /assets/jquery/jquery.min.js HTTP/1.1
2015-10-14	9:32:10 PM	GET /assets/bootflat-custom/css/site.min.css.map HTTP/1.1
2015-10-14	9:32:10 PM	GET /assets/app/css/main.css.map HTTP/1.1
2015-10-14	9:32:10 PM	GET /assets/bootstrap/js/bootstrap.min.js HTTP/1.1
2015-10-14	9:32:10 PM	GET /assets/bootflat/js/site.min.js HTTP/1.1
2015-10-14	9:32:10 PM	GET /assets/bootflat/js/site.min.map HTTP/1.1
2015-10-14	9:32:10 PM	GET /favicon.ico HTTP/1.1
2015-10-14	9:32:12 PM	GET /favicon.ico HTTP/1.1
2015-10-14	9:34:55 PM	GET / HTTP/1.1
2015-10-14	9:34:55 PM	GET /assets/loader.js HTTP/1.1
2015-10-14	9:34:55 PM	GET /assets/app/js/app.js HTTP/1.1
2015-10-14	9:34:55 PM	GET /assets/bootstrap/css/bootstrap.min.css HTTP/1.1
2015-10-14	9:34:55 PM	GET /assets/bootflat-custom/css/site.min.css HTTP/1.1
2015-10-14	9:34:55 PM	GET /assets/app/css/main.css HTTP/1.1
2015-10-14	9:34:55 PM	GET /assets/jquery/jquery.min.js HTTP/1.1
2015-10-14	9:34:55 PM	GET /assets/bootflat-custom/css/site.min.css.map HTTP/1.1
2015-10-14	9:34:55 PM	GET /assets/app/css/main.css.map HTTP/1.1
2015-10-14	9:34:55 PM	GET /assets/bootstrap/js/bootstrap.min.js HTTP/1.1
2015-10-14	9:34:55 PM	GET /assets/bootflat/js/site.min.js HTTP/1.1
2015-10-14	9:34:55 PM	GET /assets/bootflat/js/site.min.map HTTP/1.1
2015-10-14	9:34:55 PM	GET /favicon.ico HTTP/1.1
2015-10-14	9:34:56 PM	GET /favicon.ico HTTP/1.1
2015-10-14	9:35:03 PM	GET / HTTP/1.1
2015-10-14	9:35:03 PM	GET /assets/loader.js HTTP/1.1
2015-10-14	9:35:03 PM	GET /assets/app/js/app.js HTTP/1.1
2015-10-14	9:35:03 PM	GET /assets/bootstrap/css/bootstrap.min.css HTTP/1.1
2015-10-14	9:35:03 PM	GET /assets/bootflat-custom/css/site.min.css HTTP/1.1
2015-10-14	9:35:03 PM	GET /assets/app/css/main.css HTTP/1.1
2015-10-14	9:35:03 PM	GET /assets/jquery/jquery.min.js HTTP/1.1
2015-10-14	9:35:03 PM	GET /assets/bootflat-custom/css/site.min.css.map HTTP/1.1
2015-10-14	9:35:03 PM	GET /assets/app/css/main.css.map HTTP/1.1
2015-10-14	9:35:03 PM	GET /assets/bootstrap/js/bootstrap.min.js HTTP/1.1
2015-10-14	9:35:03 PM	GET /assets/bootflat/js/site.min.js HTTP/1.1
2015-10-14	9:35:03 PM	GET /assets/bootflat/js/site.min.map HTTP/1.1
2015-10-14	9:35:03 PM	GET /favicon.ico HTTP/1.1
2015-10-14	9:35:04 PM	GET /favicon.ico HTTP/1.1
2015-10-14	9:35:20 PM	GET / HTTP/1.1
2015-10-14	9:35:20 PM	GET /assets/loader.js HTTP/1.1
2015-10-14	9:35:20 PM	GET /assets/app/js/app.js HTTP/1.1
2015-10-14	9:35:20 PM	GET /assets/bootstrap/css/bootstrap.min.css HTTP/1.1
2015-10-14	9:35:20 PM	GET /assets/bootflat-custom/css/site.min.css HTTP/1.1
2015-10-14	9:35:20 PM	GET /assets/app/css/main.css HTTP/1.1
2015-10-14	9:35:20 PM	GET /assets/bootflat-custom/css/site.min.css.map HTTP/1.1
2015-10-14	9:35:20 PM	GET /assets/jquery/jquery.min.js HTTP/1.1
2015-10-14	9:35:20 PM	GET /assets/app/css/main.css.map HTTP/1.1
2015-10-14	9:35:20 PM	GET /assets/bootstrap/js/bootstrap.min.js HTTP/1.1
2015-10-14	9:35:20 PM	GET /assets/bootflat/js/site.min.js HTTP/1.1
2015-10-14	9:35:20 PM	GET /assets/bootflat/js/site.min.map HTTP/1.1
2015-10-14	9:35:20 PM	GET /favicon.ico HTTP/1.1
2015-10-14	9:35:20 PM	GET /favicon.ico HTTP/1.1
2015-10-14	9:35:21 PM	GET /favicon.ico HTTP/1.1
2015-10-14	9:35:27 PM	GET / HTTP/1.1
2015-10-14	9:35:27 PM	GET /assets/loader.js HTTP/1.1
2015-10-14	9:35:27 PM	GET /assets/app/js/app.js HTTP/1.1
2015-10-14	9:35:27 PM	GET /assets/bootstrap/css/bootstrap.min.css HTTP/1.1
2015-10-14	9:35:27 PM	GET /assets/bootflat-custom/css/site.min.css HTTP/1.1
2015-10-14	9:35:27 PM	GET /assets/app/css/main.css HTTP/1.1
2015-10-14	9:35:27 PM	GET /assets/bootflat-custom/css/site.min.css.map HTTP/1.1
2015-10-14	9:35:27 PM	GET /assets/app/css/main.css.map HTTP/1.1
2015-10-14	9:35:27 PM	GET /assets/jquery/jquery.min.js HTTP/1.1
2015-10-14	9:35:27 PM	GET /assets/bootstrap/js/bootstrap.min.js HTTP/1.1
2015-10-14	9:35:27 PM	GET /assets/bootflat/js/site.min.js HTTP/1.1
2015-10-14	9:35:27 PM	GET /assets/bootflat/js/site.min.map HTTP/1.1
2015-10-14	9:35:28 PM	GET /favicon.ico HTTP/1.1
2015-10-14	9:35:29 PM	GET /favicon.ico HTTP/1.1
2015-10-14	9:35:36 PM	GET / HTTP/1.1
2015-10-14	9:35:36 PM	GET /assets/loader.js HTTP/1.1
2015-10-14	9:35:37 PM	GET /assets/app/js/app.js HTTP/1.1
2015-10-14	9:35:37 PM	GET /assets/bootstrap/css/bootstrap.min.css HTTP/1.1
2015-10-14	9:35:37 PM	GET /assets/bootflat-custom/css/site.min.css HTTP/1.1
2015-10-14	9:35:37 PM	GET /assets/app/css/main.css HTTP/1.1
2015-10-14	9:35:37 PM	GET /assets/bootflat-custom/css/site.min.css.map HTTP/1.1
2015-10-14	9:35:37 PM	GET /assets/jquery/jquery.min.js HTTP/1.1
2015-10-14	9:35:37 PM	GET /assets/app/css/main.css.map HTTP/1.1
2015-10-14	9:35:37 PM	GET /assets/bootstrap/js/bootstrap.min.js HTTP/1.1
2015-10-14	9:35:37 PM	GET /assets/bootflat/js/site.min.js HTTP/1.1
2015-10-14	9:35:37 PM	GET /assets/bootflat/js/site.min.map HTTP/1.1
2015-10-14	9:35:37 PM	GET /favicon.ico HTTP/1.1
2015-10-14	9:35:37 PM	GET /favicon.ico HTTP/1.1
2015-10-14	9:35:47 PM	GET / HTTP/1.1
2015-10-14	9:35:47 PM	GET /assets/loader.js HTTP/1.1
2015-10-14	9:35:47 PM	GET /assets/app/js/app.js HTTP/1.1
2015-10-14	9:35:47 PM	GET /assets/bootstrap/css/bootstrap.min.css HTTP/1.1
2015-10-14	9:35:47 PM	GET /assets/bootflat-custom/css/site.min.css HTTP/1.1
2015-10-14	9:35:47 PM	GET /assets/app/css/main.css HTTP/1.1
2015-10-14	9:35:47 PM	GET /assets/jquery/jquery.min.js HTTP/1.1
2015-10-14	9:35:47 PM	GET /assets/bootflat-custom/css/site.min.css.map HTTP/1.1
2015-10-14	9:35:47 PM	GET /assets/app/css/main.css.map HTTP/1.1
2015-10-14	9:35:47 PM	GET /assets/bootstrap/js/bootstrap.min.js HTTP/1.1
2015-10-14	9:35:47 PM	GET /assets/bootflat/js/site.min.js HTTP/1.1
2015-10-14	9:35:47 PM	GET /assets/bootflat/js/site.min.map HTTP/1.1
2015-10-14	9:35:47 PM	GET /favicon.ico HTTP/1.1
2015-10-14	9:35:48 PM	GET /favicon.ico HTTP/1.1
2015-10-14	9:35:54 PM	GET / HTTP/1.1
2015-10-14	9:35:54 PM	GET /assets/loader.js HTTP/1.1
2015-10-14	9:35:54 PM	GET /assets/app/js/app.js HTTP/1.1
2015-10-14	9:35:54 PM	GET /assets/bootstrap/css/bootstrap.min.css HTTP/1.1
2015-10-14	9:35:54 PM	GET /assets/bootflat-custom/css/site.min.css HTTP/1.1
2015-10-14	9:35:54 PM	GET /assets/app/css/main.css HTTP/1.1
2015-10-14	9:35:54 PM	GET /assets/bootflat-custom/css/site.min.css.map HTTP/1.1
2015-10-14	9:35:54 PM	GET /assets/jquery/jquery.min.js HTTP/1.1
2015-10-14	9:35:54 PM	GET /assets/app/css/main.css.map HTTP/1.1
2015-10-14	9:35:54 PM	GET /assets/bootstrap/js/bootstrap.min.js HTTP/1.1
2015-10-14	9:35:54 PM	GET /assets/bootflat/js/site.min.js HTTP/1.1
2015-10-14	9:35:54 PM	GET /assets/bootflat/js/site.min.map HTTP/1.1
2015-10-14	9:35:54 PM	GET /favicon.ico HTTP/1.1
2015-10-14	9:35:55 PM	GET /favicon.ico HTTP/1.1
2015-10-14	9:36:19 PM	GET / HTTP/1.1
2015-10-14	9:36:19 PM	GET /assets/loader.js HTTP/1.1
2015-10-14	9:36:19 PM	GET /assets/app/js/app.js HTTP/1.1
2015-10-14	9:36:19 PM	GET /assets/bootstrap/css/bootstrap.min.css HTTP/1.1
2015-10-14	9:36:19 PM	GET /assets/bootflat-custom/css/site.min.css HTTP/1.1
2015-10-14	9:36:19 PM	GET /assets/app/css/main.css HTTP/1.1
2015-10-14	9:36:19 PM	GET /assets/jquery/jquery.min.js HTTP/1.1
2015-10-14	9:36:19 PM	GET /assets/bootflat-custom/css/site.min.css.map HTTP/1.1
2015-10-14	9:36:19 PM	GET /assets/app/css/main.css.map HTTP/1.1
2015-10-14	9:36:19 PM	GET /assets/bootstrap/js/bootstrap.min.js HTTP/1.1
2015-10-14	9:36:19 PM	GET /assets/bootflat/js/site.min.js HTTP/1.1
2015-10-14	9:36:19 PM	GET /assets/bootflat/js/site.min.map HTTP/1.1
2015-10-14	9:36:19 PM	GET /favicon.ico HTTP/1.1
2015-10-14	9:36:21 PM	GET /favicon.ico HTTP/1.1
2015-10-14	9:36:24 PM	GET /favicon.ico HTTP/1.1
2015-10-14	9:36:42 PM	GET / HTTP/1.1
2015-10-14	9:36:42 PM	GET /assets/loader.js HTTP/1.1
2015-10-14	9:36:42 PM	GET /assets/app/js/app.js HTTP/1.1
2015-10-14	9:36:42 PM	GET /assets/bootstrap/css/bootstrap.min.css HTTP/1.1
2015-10-14	9:36:42 PM	GET /assets/bootflat-custom/css/site.min.css HTTP/1.1
2015-10-14	9:36:42 PM	GET /assets/app/css/main.css HTTP/1.1
2015-10-14	9:36:42 PM	GET /assets/bootflat-custom/css/site.min.css.map HTTP/1.1
2015-10-14	9:36:42 PM	GET /assets/jquery/jquery.min.js HTTP/1.1
2015-10-14	9:36:42 PM	GET /assets/app/css/main.css.map HTTP/1.1
2015-10-14	9:36:42 PM	GET /assets/bootstrap/js/bootstrap.min.js HTTP/1.1
2015-10-14	9:36:42 PM	GET /assets/bootflat/js/site.min.js HTTP/1.1
2015-10-14	9:36:43 PM	GET /favicon.ico HTTP/1.1
2015-10-14	9:36:43 PM	GET /assets/bootflat/js/site.min.map HTTP/1.1
2015-10-14	9:36:43 PM	GET /favicon.ico HTTP/1.1
2015-10-14	9:36:53 PM	GET / HTTP/1.1
2015-10-14	9:36:53 PM	GET /assets/loader.js HTTP/1.1
2015-10-14	9:36:53 PM	GET /assets/app/js/app.js HTTP/1.1
2015-10-14	9:36:53 PM	GET /assets/bootstrap/css/bootstrap.min.css HTTP/1.1
2015-10-14	9:36:53 PM	GET /assets/bootflat-custom/css/site.min.css HTTP/1.1
2015-10-14	9:36:53 PM	GET /assets/app/css/main.css HTTP/1.1
2015-10-14	9:36:53 PM	GET /assets/jquery/jquery.min.js HTTP/1.1
2015-10-14	9:36:53 PM	GET /assets/bootstrap/js/bootstrap.min.js HTTP/1.1
2015-10-14	9:36:54 PM	GET /assets/bootflat/js/site.min.js HTTP/1.1
2015-10-14	9:36:54 PM	GET /favicon.ico HTTP/1.1
2015-10-14	9:36:55 PM	GET /favicon.ico HTTP/1.1
2015-10-14	9:37:09 PM	GET /favicon.ico HTTP/1.1
2015-10-14	9:37:51 PM	GET / HTTP/1.1
2015-10-14	9:37:51 PM	GET /assets/loader.js HTTP/1.1
2015-10-14	9:37:51 PM	GET /assets/app/js/app.js HTTP/1.1
2015-10-14	9:37:51 PM	GET /assets/bootstrap/css/bootstrap.min.css HTTP/1.1
2015-10-14	9:37:51 PM	GET /assets/bootflat-custom/css/site.min.css HTTP/1.1
2015-10-14	9:37:51 PM	GET /assets/app/css/main.css HTTP/1.1
2015-10-14	9:37:51 PM	GET /assets/bootflat-custom/css/site.min.css.map HTTP/1.1
2015-10-14	9:37:51 PM	GET /assets/app/css/main.css.map HTTP/1.1
2015-10-14	9:37:51 PM	GET /assets/jquery/jquery.min.js HTTP/1.1
2015-10-14	9:37:51 PM	GET /assets/bootstrap/js/bootstrap.min.js HTTP/1.1
2015-10-14	9:37:51 PM	GET /assets/bootflat/js/site.min.js HTTP/1.1
2015-10-14	9:37:51 PM	GET /assets/bootflat/js/site.min.map HTTP/1.1
2015-10-14	9:37:51 PM	GET /favicon.ico HTTP/1.1
2015-10-14	9:37:52 PM	GET /favicon.ico HTTP/1.1
2015-10-14	9:37:54 PM	GET /favicon.ico HTTP/1.1
2015-10-14	9:37:55 PM	GET /favicon.ico HTTP/1.1
2015-10-14	9:38:15 PM	GET / HTTP/1.1
2015-10-14	9:38:15 PM	GET /assets/loader.js HTTP/1.1
2015-10-14	9:38:15 PM	GET /assets/app/js/app.js HTTP/1.1
2015-10-14	9:38:15 PM	GET /assets/bootstrap/css/bootstrap.min.css HTTP/1.1
2015-10-14	9:38:15 PM	GET /assets/bootflat-custom/css/site.min.css HTTP/1.1
2015-10-14	9:38:15 PM	GET /assets/app/css/main.css HTTP/1.1
2015-10-14	9:38:15 PM	GET /assets/bootflat-custom/css/site.min.css.map HTTP/1.1
2015-10-14	9:38:15 PM	GET /assets/jquery/jquery.min.js HTTP/1.1
2015-10-14	9:38:15 PM	GET /assets/app/css/main.css.map HTTP/1.1
2015-10-14	9:38:15 PM	GET /assets/bootstrap/js/bootstrap.min.js HTTP/1.1
2015-10-14	9:38:15 PM	GET /assets/bootflat/js/site.min.js HTTP/1.1
2015-10-14	9:38:15 PM	GET /assets/bootflat/js/site.min.map HTTP/1.1
2015-10-14	9:38:16 PM	GET /favicon.ico HTTP/1.1
2015-10-14	9:38:17 PM	GET / HTTP/1.1
2015-10-14	9:38:17 PM	GET /assets/loader.js HTTP/1.1
2015-10-14	9:38:17 PM	GET /assets/app/js/app.js HTTP/1.1
2015-10-14	9:38:17 PM	GET /assets/bootstrap/css/bootstrap.min.css HTTP/1.1
2015-10-14	9:38:17 PM	GET /assets/bootflat-custom/css/site.min.css HTTP/1.1
2015-10-14	9:38:17 PM	GET /assets/app/css/main.css HTTP/1.1
2015-10-14	9:38:17 PM	GET /assets/jquery/jquery.min.js HTTP/1.1
2015-10-14	9:38:18 PM	GET /assets/bootstrap/js/bootstrap.min.js HTTP/1.1
2015-10-14	9:38:18 PM	GET /assets/bootflat/js/site.min.js HTTP/1.1
2015-10-14	9:38:18 PM	GET /favicon.ico HTTP/1.1
2015-10-14	9:38:20 PM	GET /favicon.ico HTTP/1.1
2015-10-14	9:55:00 PM	GET / HTTP/1.1
2015-10-14	9:55:00 PM	GET /assets/app/js/app.js HTTP/1.1
2015-10-14	9:55:00 PM	GET /assets/loader.js HTTP/1.1
2015-10-14	9:55:00 PM	GET /assets/bootstrap/css/bootstrap.min.css HTTP/1.1
2015-10-14	9:55:00 PM	GET /assets/bootflat-custom/css/site.min.css HTTP/1.1
2015-10-14	9:55:00 PM	GET /assets/app/css/main.css HTTP/1.1
2015-10-14	9:55:00 PM	GET /assets/jquery/jquery.min.js HTTP/1.1
2015-10-14	9:55:01 PM	GET /assets/bootstrap/js/bootstrap.min.js HTTP/1.1
2015-10-14	9:55:01 PM	GET /assets/bootflat/js/site.min.js HTTP/1.1
2015-10-14	9:55:01 PM	GET /favicon.ico HTTP/1.1
2015-10-14	9:55:13 PM	GET / HTTP/1.1
2015-10-14	9:55:13 PM	GET /assets/loader.js HTTP/1.1
2015-10-14	9:55:13 PM	GET /assets/app/js/app.js HTTP/1.1
2015-10-14	9:55:13 PM	GET /assets/bootstrap/css/bootstrap.min.css HTTP/1.1
2015-10-14	9:55:13 PM	GET /assets/bootflat-custom/css/site.min.css HTTP/1.1
2015-10-14	9:55:13 PM	GET /assets/app/css/main.css HTTP/1.1
2015-10-14	9:55:13 PM	GET /assets/jquery/jquery.min.js HTTP/1.1
2015-10-14	9:55:13 PM	GET /assets/bootflat-custom/css/site.min.css.map HTTP/1.1
2015-10-14	9:55:13 PM	GET /assets/app/css/main.css.map HTTP/1.1
2015-10-14	9:55:13 PM	GET /assets/bootstrap/js/bootstrap.min.js HTTP/1.1
2015-10-14	9:55:13 PM	GET /assets/bootflat/js/site.min.js HTTP/1.1
2015-10-14	9:55:13 PM	GET /assets/bootflat/js/site.min.map HTTP/1.1
2015-10-14	9:55:13 PM	GET /favicon.ico HTTP/1.1
2015-10-14	9:55:57 PM	GET / HTTP/1.1
2015-10-14	9:55:57 PM	GET /assets/loader.js HTTP/1.1
2015-10-14	9:55:57 PM	GET /assets/app/js/app.js HTTP/1.1
2015-10-14	9:55:57 PM	GET /assets/bootstrap/css/bootstrap.min.css HTTP/1.1
2015-10-14	9:55:57 PM	GET /assets/bootflat-custom/css/site.min.css HTTP/1.1
2015-10-14	9:55:57 PM	GET /assets/app/css/main.css HTTP/1.1
2015-10-14	9:55:57 PM	GET /assets/jquery/jquery.min.js HTTP/1.1
2015-10-14	9:55:57 PM	GET /assets/bootflat-custom/css/site.min.css.map HTTP/1.1
2015-10-14	9:55:57 PM	GET /assets/app/css/main.css.map HTTP/1.1
2015-10-14	9:55:57 PM	GET /assets/bootstrap/js/bootstrap.min.js HTTP/1.1
2015-10-14	9:55:57 PM	GET /assets/bootflat/js/site.min.js HTTP/1.1
2015-10-14	9:55:57 PM	GET /assets/bootflat/js/site.min.map HTTP/1.1
2015-10-14	9:55:57 PM	GET /favicon.ico HTTP/1.1
2015-10-14	9:56:52 PM	GET / HTTP/1.1
2015-10-14	9:56:52 PM	GET /assets/loader.js HTTP/1.1
2015-10-14	9:56:52 PM	GET /assets/app/js/app.js HTTP/1.1
2015-10-14	9:56:52 PM	GET /assets/bootstrap/css/bootstrap.min.css HTTP/1.1
2015-10-14	9:56:52 PM	GET /assets/bootflat-custom/css/site.min.css HTTP/1.1
2015-10-14	9:56:52 PM	GET /assets/app/css/main.css HTTP/1.1
2015-10-14	9:56:52 PM	GET /assets/jquery/jquery.min.js HTTP/1.1
2015-10-14	9:56:52 PM	GET /assets/bootflat-custom/css/site.min.css.map HTTP/1.1
2015-10-14	9:56:52 PM	GET /assets/app/css/main.css.map HTTP/1.1
2015-10-14	9:56:52 PM	GET /assets/bootstrap/js/bootstrap.min.js HTTP/1.1
2015-10-14	9:56:52 PM	GET /assets/bootflat/js/site.min.js HTTP/1.1
2015-10-14	9:56:52 PM	GET /assets/bootflat/js/site.min.map HTTP/1.1
2015-10-14	9:56:52 PM	GET /favicon.ico HTTP/1.1
2015-10-14	9:57:06 PM	GET /favicon.ico HTTP/1.1
2015-10-14	9:58:32 PM	GET / HTTP/1.1
2015-10-14	9:58:32 PM	GET /assets/loader.js HTTP/1.1
2015-10-14	9:58:32 PM	GET /assets/app/js/app.js HTTP/1.1
2015-10-14	9:58:32 PM	GET /assets/bootstrap/css/bootstrap.min.css HTTP/1.1
2015-10-14	9:58:32 PM	GET /assets/bootflat-custom/css/site.min.css HTTP/1.1
2015-10-14	9:58:32 PM	GET /assets/app/css/main.css HTTP/1.1
2015-10-14	9:58:32 PM	GET /assets/jquery/jquery.min.js HTTP/1.1
2015-10-14	9:58:32 PM	GET /assets/bootflat-custom/css/site.min.css.map HTTP/1.1
2015-10-14	9:58:32 PM	GET /assets/app/css/main.css.map HTTP/1.1
2015-10-14	9:58:32 PM	GET /assets/bootstrap/js/bootstrap.min.js HTTP/1.1
2015-10-14	9:58:32 PM	GET /assets/bootflat/js/site.min.js HTTP/1.1
2015-10-14	9:58:32 PM	GET /assets/bootflat/js/site.min.map HTTP/1.1
2015-10-14	9:58:32 PM	GET /favicon.ico HTTP/1.1
2015-10-14	9:58:36 PM	GET / HTTP/1.1
2015-10-14	9:58:36 PM	GET /assets/loader.js HTTP/1.1
2015-10-14	9:58:36 PM	GET /assets/app/js/app.js HTTP/1.1
2015-10-14	9:58:36 PM	GET /assets/bootstrap/css/bootstrap.min.css HTTP/1.1
2015-10-14	9:58:36 PM	GET /assets/bootflat-custom/css/site.min.css HTTP/1.1
2015-10-14	9:58:36 PM	GET /assets/app/css/main.css HTTP/1.1
2015-10-14	9:58:36 PM	GET /assets/bootflat-custom/css/site.min.css.map HTTP/1.1
2015-10-14	9:58:36 PM	GET /assets/app/css/main.css.map HTTP/1.1
2015-10-14	9:58:36 PM	GET /assets/jquery/jquery.min.js HTTP/1.1
2015-10-14	9:58:36 PM	GET /assets/bootstrap/js/bootstrap.min.js HTTP/1.1
2015-10-14	9:58:36 PM	GET /assets/bootflat/js/site.min.js HTTP/1.1
2015-10-14	9:58:36 PM	GET /assets/bootflat/js/site.min.map HTTP/1.1
2015-10-14	9:58:36 PM	GET /favicon.ico HTTP/1.1
2015-10-14	9:58:37 PM	GET /favicon.ico HTTP/1.1
2015-10-14	9:58:40 PM	GET /favicon.ico HTTP/1.1
2015-10-14	9:58:42 PM	GET / HTTP/1.1
2015-10-14	9:58:42 PM	GET /assets/loader.js HTTP/1.1
2015-10-14	9:58:42 PM	GET /assets/app/js/app.js HTTP/1.1
2015-10-14	9:58:42 PM	GET /assets/bootstrap/css/bootstrap.min.css HTTP/1.1
2015-10-14	9:58:42 PM	GET /assets/bootflat-custom/css/site.min.css HTTP/1.1
2015-10-14	9:58:42 PM	GET /assets/app/css/main.css HTTP/1.1
2015-10-14	9:58:42 PM	GET /assets/jquery/jquery.min.js HTTP/1.1
2015-10-14	9:58:42 PM	GET /assets/bootflat-custom/css/site.min.css.map HTTP/1.1
2015-10-14	9:58:42 PM	GET /assets/app/css/main.css.map HTTP/1.1
2015-10-14	9:58:42 PM	GET /assets/bootstrap/js/bootstrap.min.js HTTP/1.1
2015-10-14	9:58:42 PM	GET /assets/bootflat/js/site.min.js HTTP/1.1
2015-10-14	9:58:42 PM	GET /assets/bootflat/js/site.min.map HTTP/1.1
2015-10-14	9:58:42 PM	GET /favicon.ico HTTP/1.1
2015-10-14	9:58:43 PM	GET /favicon.ico HTTP/1.1
2015-10-14	9:58:44 PM	GET /favicon.ico HTTP/1.1
2015-10-14	9:59:22 PM	GET / HTTP/1.1
2015-10-14	9:59:22 PM	GET /assets/loader.js HTTP/1.1
2015-10-14	9:59:22 PM	GET /assets/app/js/app.js HTTP/1.1
2015-10-14	9:59:22 PM	GET /assets/bootstrap/css/bootstrap.min.css HTTP/1.1
2015-10-14	9:59:22 PM	GET /assets/bootflat-custom/css/site.min.css HTTP/1.1
2015-10-14	9:59:22 PM	GET /assets/app/css/main.css HTTP/1.1
2015-10-14	9:59:22 PM	GET /assets/jquery/jquery.min.js HTTP/1.1
2015-10-14	9:59:22 PM	GET /assets/bootflat-custom/css/site.min.css.map HTTP/1.1
2015-10-14	9:59:22 PM	GET /assets/app/css/main.css.map HTTP/1.1
2015-10-14	9:59:22 PM	GET /assets/bootstrap/js/bootstrap.min.js HTTP/1.1
2015-10-14	9:59:22 PM	GET /assets/bootflat/js/site.min.js HTTP/1.1
2015-10-14	9:59:22 PM	GET /assets/bootflat/js/site.min.map HTTP/1.1
2015-10-14	9:59:22 PM	GET /favicon.ico HTTP/1.1
2015-10-14	9:59:24 PM	GET / HTTP/1.1
2015-10-14	9:59:24 PM	GET /assets/loader.js HTTP/1.1
2015-10-14	9:59:24 PM	GET /assets/app/js/app.js HTTP/1.1
2015-10-14	9:59:24 PM	GET /assets/bootstrap/css/bootstrap.min.css HTTP/1.1
2015-10-14	9:59:24 PM	GET /assets/bootflat-custom/css/site.min.css HTTP/1.1
2015-10-14	9:59:24 PM	GET /assets/app/css/main.css HTTP/1.1
2015-10-14	9:59:24 PM	GET /assets/jquery/jquery.min.js HTTP/1.1
2015-10-14	9:59:24 PM	GET /assets/bootflat-custom/css/site.min.css.map HTTP/1.1
2015-10-14	9:59:24 PM	GET /assets/app/css/main.css.map HTTP/1.1
2015-10-14	9:59:24 PM	GET /assets/bootstrap/js/bootstrap.min.js HTTP/1.1
2015-10-14	9:59:24 PM	GET /assets/bootflat/js/site.min.js HTTP/1.1
2015-10-14	9:59:24 PM	GET /assets/bootflat/js/site.min.map HTTP/1.1
2015-10-14	9:59:24 PM	GET /favicon.ico HTTP/1.1
2015-10-14	9:59:25 PM	GET /favicon.ico HTTP/1.1
2015-10-14	9:59:26 PM	GET /favicon.ico HTTP/1.1
2015-10-14	9:59:29 PM	GET / HTTP/1.1
2015-10-14	9:59:30 PM	GET /assets/loader.js HTTP/1.1
2015-10-14	9:59:30 PM	GET /assets/app/js/app.js HTTP/1.1
2015-10-14	9:59:30 PM	GET /assets/bootstrap/css/bootstrap.min.css HTTP/1.1
2015-10-14	9:59:30 PM	GET /assets/bootflat-custom/css/site.min.css HTTP/1.1
2015-10-14	9:59:30 PM	GET /assets/app/css/main.css HTTP/1.1
2015-10-14	9:59:30 PM	GET /assets/jquery/jquery.min.js HTTP/1.1
2015-10-14	9:59:30 PM	GET /assets/bootstrap/js/bootstrap.min.js HTTP/1.1
2015-10-14	9:59:30 PM	GET /assets/bootflat/js/site.min.js HTTP/1.1
2015-10-14	9:59:30 PM	GET /favicon.ico HTTP/1.1
2015-10-14	9:59:34 PM	GET /favicon.ico HTTP/1.1
2015-10-14	9:59:37 PM	GET /favicon.ico HTTP/1.1
2015-10-14	9:59:38 PM	GET /favicon.ico HTTP/1.1
2015-10-14	9:59:44 PM	GET /favicon.ico HTTP/1.1
2015-10-14	9:59:56 PM	GET / HTTP/1.1
2015-10-14	9:59:56 PM	GET /assets/loader.js HTTP/1.1
2015-10-14	9:59:56 PM	GET /assets/app/js/app.js HTTP/1.1
2015-10-14	9:59:56 PM	GET /assets/bootstrap/css/bootstrap.min.css HTTP/1.1
2015-10-14	9:59:56 PM	GET /assets/bootflat-custom/css/site.min.css HTTP/1.1
2015-10-14	9:59:56 PM	GET /assets/app/css/main.css HTTP/1.1
2015-10-14	9:59:57 PM	GET /assets/jquery/jquery.min.js HTTP/1.1
2015-10-14	9:59:57 PM	GET /assets/bootstrap/js/bootstrap.min.js HTTP/1.1
2015-10-14	9:59:57 PM	GET /assets/bootflat/js/site.min.js HTTP/1.1
2015-10-14	9:59:57 PM	GET /favicon.ico HTTP/1.1
2015-10-14	10:00:31 PM	GET / HTTP/1.1
2015-10-14	10:00:31 PM	GET /assets/loader.js HTTP/1.1
2015-10-14	10:00:31 PM	GET /assets/app/js/app.js HTTP/1.1
2015-10-14	10:00:31 PM	GET /assets/bootstrap/css/bootstrap.min.css HTTP/1.1
2015-10-14	10:00:31 PM	GET /assets/bootflat-custom/css/site.min.css HTTP/1.1
2015-10-14	10:00:31 PM	GET /assets/app/css/main.css HTTP/1.1
2015-10-14	10:00:31 PM	GET /assets/jquery/jquery.min.js HTTP/1.1
2015-10-14	10:00:32 PM	GET /assets/bootstrap/js/bootstrap.min.js HTTP/1.1
2015-10-14	10:00:32 PM	GET /assets/bootflat/js/site.min.js HTTP/1.1
2015-10-14	10:00:32 PM	GET /favicon.ico HTTP/1.1
2015-10-14	10:00:38 PM	GET / HTTP/1.1
2015-10-14	10:00:38 PM	GET /assets/loader.js HTTP/1.1
2015-10-14	10:00:38 PM	GET /assets/app/js/app.js HTTP/1.1
2015-10-14	10:00:38 PM	GET /assets/bootstrap/css/bootstrap.min.css HTTP/1.1
2015-10-14	10:00:38 PM	GET /assets/bootflat-custom/css/site.min.css HTTP/1.1
2015-10-14	10:00:38 PM	GET /assets/app/css/main.css HTTP/1.1
2015-10-14	10:00:38 PM	GET /assets/jquery/jquery.min.js HTTP/1.1
2015-10-14	10:00:38 PM	GET /assets/bootstrap/js/bootstrap.min.js HTTP/1.1
2015-10-14	10:00:38 PM	GET /assets/bootflat/js/site.min.js HTTP/1.1
2015-10-14	10:00:39 PM	GET /favicon.ico HTTP/1.1
2015-10-14	10:00:59 PM	GET / HTTP/1.1
2015-10-14	10:00:59 PM	GET /assets/loader.js HTTP/1.1
2015-10-14	10:00:59 PM	GET /assets/app/js/app.js HTTP/1.1
2015-10-14	10:00:59 PM	GET /assets/bootstrap/css/bootstrap.min.css HTTP/1.1
2015-10-14	10:01:00 PM	GET /assets/bootflat-custom/css/site.min.css HTTP/1.1
2015-10-14	10:01:00 PM	GET /assets/app/css/main.css HTTP/1.1
2015-10-14	10:01:00 PM	GET /assets/jquery/jquery.min.js HTTP/1.1
2015-10-14	10:01:00 PM	GET /assets/bootstrap/js/bootstrap.min.js HTTP/1.1
2015-10-14	10:01:00 PM	GET /assets/bootflat/js/site.min.js HTTP/1.1
2015-10-14	10:01:00 PM	GET /favicon.ico HTTP/1.1
2015-10-14	10:03:16 PM	GET / HTTP/1.1
2015-10-14	10:03:16 PM	GET /assets/loader.js HTTP/1.1
2015-10-14	10:03:16 PM	GET /assets/app/js/app.js HTTP/1.1
2015-10-14	10:03:16 PM	GET /assets/bootstrap/css/bootstrap.min.css HTTP/1.1
2015-10-14	10:03:16 PM	GET /assets/app/css/main.css HTTP/1.1
2015-10-14	10:03:16 PM	GET /assets/bootflat-custom/css/site.min.css HTTP/1.1
2015-10-14	10:03:16 PM	GET /assets/jquery/jquery.min.js HTTP/1.1
2015-10-14	10:03:17 PM	GET /assets/bootstrap/js/bootstrap.min.js HTTP/1.1
2015-10-14	10:03:17 PM	GET /assets/bootflat/js/site.min.js HTTP/1.1
2015-10-14	10:03:17 PM	GET /favicon.ico HTTP/1.1
2015-10-14	10:03:33 PM	GET / HTTP/1.1
2015-10-14	10:03:33 PM	GET /assets/loader.js HTTP/1.1
2015-10-14	10:03:33 PM	GET /assets/app/js/app.js HTTP/1.1
2015-10-14	10:03:33 PM	GET /assets/bootstrap/css/bootstrap.min.css HTTP/1.1
2015-10-14	10:03:34 PM	GET /assets/bootflat-custom/css/site.min.css HTTP/1.1
2015-10-14	10:03:34 PM	GET /assets/app/css/main.css HTTP/1.1
2015-10-14	10:03:34 PM	GET /assets/jquery/jquery.min.js HTTP/1.1
2015-10-14	10:03:34 PM	GET /assets/bootstrap/js/bootstrap.min.js HTTP/1.1
2015-10-14	10:03:34 PM	GET /assets/bootflat/js/site.min.js HTTP/1.1
2015-10-14	10:03:34 PM	GET /favicon.ico HTTP/1.1
2015-10-14	10:03:35 PM	GET / HTTP/1.1
2015-10-14	10:03:35 PM	GET /assets/loader.js HTTP/1.1
2015-10-14	10:03:35 PM	GET /assets/app/js/app.js HTTP/1.1
2015-10-14	10:03:35 PM	GET /assets/bootstrap/css/bootstrap.min.css HTTP/1.1
2015-10-14	10:03:35 PM	GET /assets/bootflat-custom/css/site.min.css HTTP/1.1
2015-10-14	10:03:35 PM	GET /assets/app/css/main.css HTTP/1.1
2015-10-14	10:03:35 PM	GET /assets/jquery/jquery.min.js HTTP/1.1
2015-10-14	10:03:35 PM	GET /assets/bootstrap/js/bootstrap.min.js HTTP/1.1
2015-10-14	10:03:35 PM	GET /assets/bootflat/js/site.min.js HTTP/1.1
2015-10-14	10:03:36 PM	GET /favicon.ico HTTP/1.1
2015-10-14	10:03:41 PM	GET / HTTP/1.1
2015-10-14	10:03:41 PM	GET /assets/loader.js HTTP/1.1
2015-10-14	10:03:41 PM	GET /assets/app/js/app.js HTTP/1.1
2015-10-14	10:03:41 PM	GET /assets/bootstrap/css/bootstrap.min.css HTTP/1.1
2015-10-14	10:03:42 PM	GET /assets/bootflat-custom/css/site.min.css HTTP/1.1
2015-10-14	10:03:42 PM	GET /assets/app/css/main.css HTTP/1.1
2015-10-14	10:03:42 PM	GET /assets/jquery/jquery.min.js HTTP/1.1
2015-10-14	10:03:42 PM	GET /assets/bootstrap/js/bootstrap.min.js HTTP/1.1
2015-10-14	10:03:42 PM	GET /assets/bootflat/js/site.min.js HTTP/1.1
2015-10-14	10:03:42 PM	GET /favicon.ico HTTP/1.1
2015-10-14	10:03:50 PM	GET / HTTP/1.1
2015-10-14	10:03:50 PM	GET /assets/loader.js HTTP/1.1
2015-10-14	10:03:50 PM	GET /assets/app/js/app.js HTTP/1.1
2015-10-14	10:03:50 PM	GET /assets/bootstrap/css/bootstrap.min.css HTTP/1.1
2015-10-14	10:03:50 PM	GET /assets/bootflat-custom/css/site.min.css HTTP/1.1
2015-10-14	10:03:50 PM	GET /assets/app/css/main.css HTTP/1.1
2015-10-14	10:03:50 PM	GET /assets/jquery/jquery.min.js HTTP/1.1
2015-10-14	10:03:50 PM	GET /assets/bootstrap/js/bootstrap.min.js HTTP/1.1
2015-10-14	10:03:50 PM	GET /assets/bootflat/js/site.min.js HTTP/1.1
2015-10-14	10:03:50 PM	GET /favicon.ico HTTP/1.1
2015-10-14	10:03:57 PM	GET / HTTP/1.1
2015-10-14	10:03:57 PM	GET /assets/loader.js HTTP/1.1
2015-10-14	10:03:57 PM	GET /assets/app/js/app.js HTTP/1.1
2015-10-14	10:03:57 PM	GET /assets/bootstrap/css/bootstrap.min.css HTTP/1.1
2015-10-14	10:03:57 PM	GET /assets/bootflat-custom/css/site.min.css HTTP/1.1
2015-10-14	10:03:57 PM	GET /assets/app/css/main.css HTTP/1.1
2015-10-14	10:03:57 PM	GET /assets/jquery/jquery.min.js HTTP/1.1
2015-10-14	10:03:57 PM	GET /assets/bootstrap/js/bootstrap.min.js HTTP/1.1
2015-10-14	10:03:57 PM	GET /assets/bootflat/js/site.min.js HTTP/1.1
2015-10-14	10:03:57 PM	GET /favicon.ico HTTP/1.1
2015-10-14	10:05:18 PM	GET / HTTP/1.1
2015-10-14	10:05:18 PM	GET /assets/loader.js HTTP/1.1
2015-10-14	10:05:18 PM	GET /assets/app/js/app.js HTTP/1.1
2015-10-14	10:05:18 PM	GET /assets/bootstrap/css/bootstrap.min.css HTTP/1.1
2015-10-14	10:05:18 PM	GET /assets/bootflat-custom/css/site.min.css HTTP/1.1
2015-10-14	10:05:18 PM	GET /assets/app/css/main.css HTTP/1.1
2015-10-14	10:05:18 PM	GET /assets/jquery/jquery.min.js HTTP/1.1
2015-10-14	10:05:19 PM	GET /assets/bootstrap/js/bootstrap.min.js HTTP/1.1
2015-10-14	10:05:19 PM	GET /assets/bootflat/js/site.min.js HTTP/1.1
2015-10-14	10:05:19 PM	GET /favicon.ico HTTP/1.1
2015-10-14	10:05:26 PM	GET / HTTP/1.1
2015-10-14	10:05:26 PM	GET /assets/loader.js HTTP/1.1
2015-10-14	10:05:26 PM	GET /assets/app/js/app.js HTTP/1.1
2015-10-14	10:05:26 PM	GET /assets/bootstrap/css/bootstrap.min.css HTTP/1.1
2015-10-14	10:05:26 PM	GET /assets/bootflat-custom/css/site.min.css HTTP/1.1
2015-10-14	10:05:26 PM	GET /assets/app/css/main.css HTTP/1.1
2015-10-14	10:05:26 PM	GET /assets/jquery/jquery.min.js HTTP/1.1
2015-10-14	10:05:26 PM	GET /assets/bootstrap/js/bootstrap.min.js HTTP/1.1
2015-10-14	10:05:26 PM	GET /assets/bootflat/js/site.min.js HTTP/1.1
2015-10-14	10:05:26 PM	GET /favicon.ico HTTP/1.1
2015-10-14	10:05:28 PM	GET / HTTP/1.1
2015-10-14	10:05:28 PM	GET /assets/loader.js HTTP/1.1
2015-10-14	10:05:28 PM	GET /assets/app/js/app.js HTTP/1.1
2015-10-14	10:05:28 PM	GET /assets/bootstrap/css/bootstrap.min.css HTTP/1.1
2015-10-14	10:05:28 PM	GET /assets/bootflat-custom/css/site.min.css HTTP/1.1
2015-10-14	10:05:28 PM	GET /assets/app/css/main.css HTTP/1.1
2015-10-14	10:05:28 PM	GET /assets/jquery/jquery.min.js HTTP/1.1
2015-10-14	10:05:29 PM	GET /assets/bootstrap/js/bootstrap.min.js HTTP/1.1
2015-10-14	10:05:29 PM	GET /assets/bootflat/js/site.min.js HTTP/1.1
2015-10-14	10:05:29 PM	GET /favicon.ico HTTP/1.1
2015-10-14	10:05:30 PM	GET / HTTP/1.1
2015-10-14	10:05:30 PM	GET /assets/loader.js HTTP/1.1
2015-10-14	10:05:30 PM	GET /assets/app/js/app.js HTTP/1.1
2015-10-14	10:05:30 PM	GET /assets/bootstrap/css/bootstrap.min.css HTTP/1.1
2015-10-14	10:05:30 PM	GET /assets/bootflat-custom/css/site.min.css HTTP/1.1
2015-10-14	10:05:30 PM	GET /assets/app/css/main.css HTTP/1.1
2015-10-14	10:05:30 PM	GET /assets/jquery/jquery.min.js HTTP/1.1
2015-10-14	10:05:30 PM	GET /assets/bootstrap/js/bootstrap.min.js HTTP/1.1
2015-10-14	10:05:30 PM	GET /assets/bootflat/js/site.min.js HTTP/1.1
2015-10-14	10:05:31 PM	GET /favicon.ico HTTP/1.1
2015-10-14	10:06:45 PM	GET / HTTP/1.1
2015-10-14	10:06:45 PM	GET /assets/loader.js HTTP/1.1
2015-10-14	10:06:45 PM	GET /assets/app/js/app.js HTTP/1.1
2015-10-14	10:06:45 PM	GET /assets/bootstrap/css/bootstrap.min.css HTTP/1.1
2015-10-14	10:06:45 PM	GET /assets/bootflat-custom/css/site.min.css HTTP/1.1
2015-10-14	10:06:45 PM	GET /assets/app/css/main.css HTTP/1.1
2015-10-14	10:06:45 PM	GET /assets/jquery/jquery.min.js HTTP/1.1
2015-10-14	10:06:45 PM	GET /assets/bootstrap/js/bootstrap.min.js HTTP/1.1
2015-10-14	10:06:45 PM	GET /assets/bootflat/js/site.min.js HTTP/1.1
2015-10-14	10:06:46 PM	GET /favicon.ico HTTP/1.1
2015-10-14	10:10:29 PM	GET / HTTP/1.1
2015-10-14	10:10:29 PM	GET /assets/loader.js HTTP/1.1
2015-10-14	10:10:29 PM	GET /assets/app/js/app.js HTTP/1.1
2015-10-14	10:10:29 PM	GET /assets/bootstrap/css/bootstrap.min.css HTTP/1.1
2015-10-14	10:10:29 PM	GET /assets/bootflat-custom/css/site.min.css HTTP/1.1
2015-10-14	10:10:29 PM	GET /assets/app/css/main.css HTTP/1.1
2015-10-14	10:10:29 PM	GET /assets/jquery/jquery.min.js HTTP/1.1
2015-10-14	10:10:29 PM	GET /assets/bootflat-custom/css/site.min.css.map HTTP/1.1
2015-10-14	10:10:29 PM	GET /assets/app/css/main.css.map HTTP/1.1
2015-10-14	10:10:29 PM	GET /assets/bootstrap/js/bootstrap.min.js HTTP/1.1
2015-10-14	10:10:29 PM	GET /assets/bootflat/js/site.min.js HTTP/1.1
2015-10-14	10:10:29 PM	GET /assets/bootflat/js/site.min.map HTTP/1.1
2015-10-14	10:10:29 PM	GET /favicon.ico HTTP/1.1
2015-10-14	10:12:45 PM	GET / HTTP/1.1
2015-10-14	10:12:45 PM	GET /assets/loader.js HTTP/1.1
2015-10-14	10:12:45 PM	GET /assets/app/js/app.js HTTP/1.1
2015-10-14	10:12:45 PM	GET /assets/bootstrap/css/bootstrap.min.css HTTP/1.1
2015-10-14	10:12:45 PM	GET /assets/bootflat-custom/css/site.min.css HTTP/1.1
2015-10-14	10:12:45 PM	GET /assets/app/css/main.css HTTP/1.1
2015-10-14	10:12:45 PM	GET /assets/jquery/jquery.min.js HTTP/1.1
2015-10-14	10:12:45 PM	GET /assets/bootflat-custom/css/site.min.css.map HTTP/1.1
2015-10-14	10:12:45 PM	GET /assets/app/css/main.css.map HTTP/1.1
2015-10-14	10:12:45 PM	GET /assets/bootstrap/js/bootstrap.min.js HTTP/1.1
2015-10-14	10:12:45 PM	GET /assets/bootflat/js/site.min.js HTTP/1.1
2015-10-14	10:12:45 PM	GET /assets/bootflat/js/site.min.map HTTP/1.1
2015-10-14	10:12:45 PM	GET /favicon.ico HTTP/1.1
2015-10-14	10:14:50 PM	GET / HTTP/1.1
2015-10-14	10:14:50 PM	GET /assets/loader.js HTTP/1.1
2015-10-14	10:14:50 PM	GET /assets/app/js/app.js HTTP/1.1
2015-10-14	10:14:50 PM	GET /assets/bootstrap/css/bootstrap.min.css HTTP/1.1
2015-10-14	10:14:50 PM	GET /assets/bootflat-custom/css/site.min.css HTTP/1.1
2015-10-14	10:14:50 PM	GET /assets/app/css/main.css HTTP/1.1
2015-10-14	10:14:50 PM	GET /assets/bootflat-custom/css/site.min.css.map HTTP/1.1
2015-10-14	10:14:50 PM	GET /assets/jquery/jquery.min.js HTTP/1.1
2015-10-14	10:14:51 PM	GET /assets/app/css/main.css.map HTTP/1.1
2015-10-14	10:14:51 PM	GET /assets/bootstrap/js/bootstrap.min.js HTTP/1.1
2015-10-14	10:14:51 PM	GET /assets/bootflat/js/site.min.js HTTP/1.1
2015-10-14	10:14:51 PM	GET /assets/bootflat/js/site.min.map HTTP/1.1
2015-10-14	10:14:51 PM	GET /favicon.ico HTTP/1.1
2015-10-14	10:14:53 PM	GET / HTTP/1.1
2015-10-14	10:14:54 PM	GET /assets/loader.js HTTP/1.1
2015-10-14	10:14:54 PM	GET /assets/app/js/app.js HTTP/1.1
2015-10-14	10:14:54 PM	GET /assets/bootstrap/css/bootstrap.min.css HTTP/1.1
2015-10-14	10:14:54 PM	GET /assets/bootflat-custom/css/site.min.css HTTP/1.1
2015-10-14	10:14:54 PM	GET /assets/app/css/main.css HTTP/1.1
2015-10-14	10:14:54 PM	GET /assets/jquery/jquery.min.js HTTP/1.1
2015-10-14	10:14:54 PM	GET /assets/bootflat-custom/css/site.min.css.map HTTP/1.1
2015-10-14	10:14:54 PM	GET /assets/app/css/main.css.map HTTP/1.1
2015-10-14	10:14:54 PM	GET /assets/bootstrap/js/bootstrap.min.js HTTP/1.1
2015-10-14	10:14:54 PM	GET /assets/bootflat/js/site.min.js HTTP/1.1
2015-10-14	10:14:54 PM	GET /assets/bootflat/js/site.min.map HTTP/1.1
2015-10-14	10:14:54 PM	GET /favicon.ico HTTP/1.1
2015-10-14	10:18:14 PM	GET / HTTP/1.1
2015-10-14	10:18:14 PM	GET /assets/loader.js HTTP/1.1
2015-10-14	10:18:14 PM	GET /assets/app/js/app.js HTTP/1.1
2015-10-14	10:18:14 PM	GET /assets/bootstrap/css/bootstrap.min.css HTTP/1.1
2015-10-14	10:18:14 PM	GET /assets/bootflat-custom/css/site.min.css HTTP/1.1
2015-10-14	10:18:14 PM	GET /assets/app/css/main.css HTTP/1.1
2015-10-14	10:18:14 PM	GET /assets/jquery/jquery.min.js HTTP/1.1
2015-10-14	10:18:14 PM	GET /assets/bootflat-custom/css/site.min.css.map HTTP/1.1
2015-10-14	10:18:14 PM	GET /assets/app/css/main.css.map HTTP/1.1
2015-10-14	10:18:14 PM	GET /assets/bootstrap/js/bootstrap.min.js HTTP/1.1
2015-10-14	10:18:14 PM	GET /assets/bootflat/js/site.min.js HTTP/1.1
2015-10-14	10:18:14 PM	GET /assets/bootflat/js/site.min.map HTTP/1.1
2015-10-14	10:18:14 PM	GET /favicon.ico HTTP/1.1
2015-10-14	10:18:49 PM	GET / HTTP/1.1
2015-10-14	10:18:50 PM	GET /assets/loader.js HTTP/1.1
2015-10-14	10:18:50 PM	GET /assets/app/js/app.js HTTP/1.1
2015-10-14	10:18:50 PM	GET /assets/bootstrap/css/bootstrap.min.css HTTP/1.1
2015-10-14	10:18:50 PM	GET /assets/bootflat-custom/css/site.min.css HTTP/1.1
2015-10-14	10:18:50 PM	GET /assets/app/css/main.css HTTP/1.1
2015-10-14	10:18:50 PM	GET /assets/bootflat-custom/css/site.min.css.map HTTP/1.1
2015-10-14	10:18:50 PM	GET /assets/app/css/main.css.map HTTP/1.1
2015-10-14	10:18:50 PM	GET /assets/jquery/jquery.min.js HTTP/1.1
2015-10-14	10:18:50 PM	GET /assets/bootstrap/js/bootstrap.min.js HTTP/1.1
2015-10-14	10:18:50 PM	GET /assets/bootflat/js/site.min.js HTTP/1.1
2015-10-14	10:18:50 PM	GET /assets/bootflat/js/site.min.map HTTP/1.1
2015-10-14	10:18:50 PM	GET /favicon.ico HTTP/1.1
2015-10-14	10:18:52 PM	GET / HTTP/1.1
2015-10-14	10:18:52 PM	GET /assets/loader.js HTTP/1.1
2015-10-14	10:18:52 PM	GET /assets/app/js/app.js HTTP/1.1
2015-10-14	10:18:53 PM	GET /assets/bootstrap/css/bootstrap.min.css HTTP/1.1
2015-10-14	10:18:53 PM	GET /assets/bootflat-custom/css/site.min.css HTTP/1.1
2015-10-14	10:18:53 PM	GET /assets/app/css/main.css HTTP/1.1
2015-10-14	10:18:53 PM	GET /assets/jquery/jquery.min.js HTTP/1.1
2015-10-14	10:18:53 PM	GET /assets/bootflat-custom/css/site.min.css.map HTTP/1.1
2015-10-14	10:18:53 PM	GET /assets/app/css/main.css.map HTTP/1.1
2015-10-14	10:18:53 PM	GET /assets/bootstrap/js/bootstrap.min.js HTTP/1.1
2015-10-14	10:18:53 PM	GET /assets/bootflat/js/site.min.js HTTP/1.1
2015-10-14	10:18:53 PM	GET /assets/bootflat/js/site.min.map HTTP/1.1
2015-10-14	10:18:53 PM	GET /favicon.ico HTTP/1.1
2015-10-14	10:18:55 PM	GET /favicon.ico HTTP/1.1
2015-10-14	10:18:56 PM	GET /favicon.ico HTTP/1.1
2015-10-14	10:18:57 PM	GET /favicon.ico HTTP/1.1
2015-10-14	10:18:57 PM	GET /favicon.ico HTTP/1.1
2015-10-14	10:18:57 PM	GET /favicon.ico HTTP/1.1
2015-10-14	10:18:58 PM	GET /favicon.ico HTTP/1.1
2015-10-14	10:18:58 PM	GET /favicon.ico HTTP/1.1
2015-10-14	10:18:58 PM	GET /favicon.ico HTTP/1.1
2015-10-14	10:18:59 PM	GET /favicon.ico HTTP/1.1
2015-10-14	10:20:10 PM	GET / HTTP/1.1
2015-10-14	10:20:10 PM	GET /assets/loader.js HTTP/1.1
2015-10-14	10:20:10 PM	GET /assets/app/js/app.js HTTP/1.1
2015-10-14	10:20:10 PM	GET /assets/bootstrap/css/bootstrap.min.css HTTP/1.1
2015-10-14	10:20:10 PM	GET /assets/bootflat-custom/css/site.min.css HTTP/1.1
2015-10-14	10:20:10 PM	GET /assets/app/css/main.css HTTP/1.1
2015-10-14	10:20:10 PM	GET /assets/jquery/jquery.min.js HTTP/1.1
2015-10-14	10:20:10 PM	GET /assets/bootflat-custom/css/site.min.css.map HTTP/1.1
2015-10-14	10:20:10 PM	GET /assets/app/css/main.css.map HTTP/1.1
2015-10-14	10:20:10 PM	GET /assets/bootstrap/js/bootstrap.min.js HTTP/1.1
2015-10-14	10:20:10 PM	GET /assets/bootflat/js/site.min.js HTTP/1.1
2015-10-14	10:20:10 PM	GET /assets/bootflat/js/site.min.map HTTP/1.1
2015-10-14	10:20:11 PM	GET /favicon.ico HTTP/1.1
2015-10-14	10:20:11 PM	GET /favicon.ico HTTP/1.1
2015-10-14	10:20:12 PM	GET /favicon.ico HTTP/1.1
2015-10-14	10:20:13 PM	GET /favicon.ico HTTP/1.1
2015-10-14	10:20:48 PM	GET / HTTP/1.1
2015-10-14	10:20:48 PM	GET /assets/loader.js HTTP/1.1
2015-10-14	10:20:48 PM	GET /assets/app/js/app.js HTTP/1.1
2015-10-14	10:20:48 PM	GET /assets/bootstrap/css/bootstrap.min.css HTTP/1.1
2015-10-14	10:20:48 PM	GET /assets/bootflat-custom/css/site.min.css HTTP/1.1
2015-10-14	10:20:48 PM	GET /assets/app/css/main.css HTTP/1.1
2015-10-14	10:20:48 PM	GET /assets/bootflat-custom/css/site.min.css.map HTTP/1.1
2015-10-14	10:20:48 PM	GET /assets/app/css/main.css.map HTTP/1.1
2015-10-14	10:20:48 PM	GET /assets/jquery/jquery.min.js HTTP/1.1
2015-10-14	10:20:48 PM	GET /assets/bootstrap/js/bootstrap.min.js HTTP/1.1
2015-10-14	10:20:48 PM	GET /assets/bootflat/js/site.min.js HTTP/1.1
2015-10-14	10:20:48 PM	GET /assets/bootflat/js/site.min.map HTTP/1.1
2015-10-14	10:20:48 PM	GET /favicon.ico HTTP/1.1
2015-10-14	10:20:49 PM	GET /favicon.ico HTTP/1.1
2015-10-14	10:20:50 PM	GET /favicon.ico HTTP/1.1
2015-10-14	10:20:50 PM	GET /favicon.ico HTTP/1.1
2015-10-14	10:20:50 PM	GET /favicon.ico HTTP/1.1
2015-10-14	10:20:50 PM	GET /favicon.ico HTTP/1.1
2015-10-14	10:21:27 PM	GET / HTTP/1.1
2015-10-14	10:21:28 PM	GET /assets/loader.js HTTP/1.1
2015-10-14	10:21:28 PM	GET /assets/app/js/app.js HTTP/1.1
2015-10-14	10:21:28 PM	GET /assets/bootstrap/css/bootstrap.min.css HTTP/1.1
2015-10-14	10:21:28 PM	GET /assets/bootflat-custom/css/site.min.css HTTP/1.1
2015-10-14	10:21:28 PM	GET /assets/app/css/main.css HTTP/1.1
2015-10-14	10:21:28 PM	GET /assets/bootflat-custom/css/site.min.css.map HTTP/1.1
2015-10-14	10:21:28 PM	GET /assets/jquery/jquery.min.js HTTP/1.1
2015-10-14	10:21:28 PM	GET /assets/app/css/main.css.map HTTP/1.1
2015-10-14	10:21:28 PM	GET /assets/bootstrap/js/bootstrap.min.js HTTP/1.1
2015-10-14	10:21:28 PM	GET /assets/bootflat/js/site.min.js HTTP/1.1
2015-10-14	10:21:28 PM	GET /assets/bootflat/js/site.min.map HTTP/1.1
2015-10-14	10:21:28 PM	GET /favicon.ico HTTP/1.1
2015-10-14	10:22:10 PM	GET / HTTP/1.1
2015-10-14	10:22:10 PM	GET /assets/loader.js HTTP/1.1
2015-10-14	10:22:10 PM	GET /assets/app/js/app.js HTTP/1.1
2015-10-14	10:22:10 PM	GET /assets/bootstrap/css/bootstrap.min.css HTTP/1.1
2015-10-14	10:22:10 PM	GET /assets/bootflat-custom/css/site.min.css HTTP/1.1
2015-10-14	10:22:10 PM	GET /assets/app/css/main.css HTTP/1.1
2015-10-14	10:22:10 PM	GET /assets/bootflat-custom/css/site.min.css.map HTTP/1.1
2015-10-14	10:22:10 PM	GET /assets/jquery/jquery.min.js HTTP/1.1
2015-10-14	10:22:10 PM	GET /assets/app/css/main.css.map HTTP/1.1
2015-10-14	10:22:11 PM	GET /assets/bootstrap/js/bootstrap.min.js HTTP/1.1
2015-10-14	10:22:11 PM	GET /assets/bootflat/js/site.min.js HTTP/1.1
2015-10-14	10:22:11 PM	GET /assets/bootflat/js/site.min.map HTTP/1.1
2015-10-14	10:22:11 PM	GET /favicon.ico HTTP/1.1
2015-10-14	10:22:33 PM	GET / HTTP/1.1
2015-10-14	10:22:34 PM	GET /assets/loader.js HTTP/1.1
2015-10-14	10:22:34 PM	GET /assets/app/js/app.js HTTP/1.1
2015-10-14	10:22:34 PM	GET /assets/bootstrap/css/bootstrap.min.css HTTP/1.1
2015-10-14	10:22:34 PM	GET /assets/bootflat-custom/css/site.min.css HTTP/1.1
2015-10-14	10:22:34 PM	GET /assets/app/css/main.css HTTP/1.1
2015-10-14	10:22:34 PM	GET /assets/bootflat-custom/css/site.min.css.map HTTP/1.1
2015-10-14	10:22:34 PM	GET /assets/app/css/main.css.map HTTP/1.1
2015-10-14	10:22:34 PM	GET /assets/jquery/jquery.min.js HTTP/1.1
2015-10-14	10:22:34 PM	GET /assets/bootstrap/js/bootstrap.min.js HTTP/1.1
2015-10-14	10:22:34 PM	GET /assets/bootflat/js/site.min.js HTTP/1.1
2015-10-14	10:22:34 PM	GET /assets/bootflat/js/site.min.map HTTP/1.1
2015-10-14	10:22:34 PM	GET /favicon.ico HTTP/1.1
2015-10-14	10:23:15 PM	GET / HTTP/1.1
2015-10-14	10:23:15 PM	GET /assets/loader.js HTTP/1.1
2015-10-14	10:23:15 PM	GET /assets/app/js/app.js HTTP/1.1
2015-10-14	10:23:15 PM	GET /assets/bootstrap/css/bootstrap.min.css HTTP/1.1
2015-10-14	10:23:15 PM	GET /assets/bootflat-custom/css/site.min.css HTTP/1.1
2015-10-14	10:23:15 PM	GET /assets/app/css/main.css HTTP/1.1
2015-10-14	10:23:15 PM	GET /assets/bootflat-custom/css/site.min.css.map HTTP/1.1
2015-10-14	10:23:15 PM	GET /assets/app/css/main.css.map HTTP/1.1
2015-10-14	10:23:15 PM	GET /assets/jquery/jquery.min.js HTTP/1.1
2015-10-14	10:23:15 PM	GET /assets/bootstrap/js/bootstrap.min.js HTTP/1.1
2015-10-14	10:23:15 PM	GET /assets/bootflat/js/site.min.js HTTP/1.1
2015-10-14	10:23:15 PM	GET /assets/bootflat/js/site.min.map HTTP/1.1
2015-10-14	10:23:15 PM	GET /favicon.ico HTTP/1.1
2015-10-14	10:23:36 PM	GET / HTTP/1.1
2015-10-14	10:23:36 PM	GET /assets/loader.js HTTP/1.1
2015-10-14	10:23:36 PM	GET /assets/app/js/app.js HTTP/1.1
2015-10-14	10:23:36 PM	GET /assets/bootstrap/css/bootstrap.min.css HTTP/1.1
2015-10-14	10:23:36 PM	GET /assets/bootflat-custom/css/site.min.css HTTP/1.1
2015-10-14	10:23:36 PM	GET /assets/app/css/main.css HTTP/1.1
2015-10-14	10:23:36 PM	GET /assets/bootflat-custom/css/site.min.css.map HTTP/1.1
2015-10-14	10:23:36 PM	GET /assets/app/css/main.css.map HTTP/1.1
2015-10-14	10:23:36 PM	GET /assets/jquery/jquery.min.js HTTP/1.1
2015-10-14	10:23:36 PM	GET /assets/bootstrap/js/bootstrap.min.js HTTP/1.1
2015-10-14	10:23:36 PM	GET /assets/bootflat/js/site.min.js HTTP/1.1
2015-10-14	10:23:36 PM	GET /assets/bootflat/js/site.min.map HTTP/1.1
2015-10-14	10:23:37 PM	GET /favicon.ico HTTP/1.1
2015-10-14	10:23:56 PM	GET / HTTP/1.1
2015-10-14	10:23:57 PM	GET /assets/loader.js HTTP/1.1
2015-10-14	10:23:57 PM	GET /assets/app/js/app.js HTTP/1.1
2015-10-14	10:23:57 PM	GET /assets/bootstrap/css/bootstrap.min.css HTTP/1.1
2015-10-14	10:23:57 PM	GET /assets/bootflat-custom/css/site.min.css HTTP/1.1
2015-10-14	10:23:57 PM	GET /assets/app/css/main.css HTTP/1.1
2015-10-14	10:23:57 PM	GET /assets/bootflat-custom/css/site.min.css.map HTTP/1.1
2015-10-14	10:23:57 PM	GET /assets/app/css/main.css.map HTTP/1.1
2015-10-14	10:23:57 PM	GET /assets/jquery/jquery.min.js HTTP/1.1
2015-10-14	10:23:57 PM	GET /assets/bootstrap/js/bootstrap.min.js HTTP/1.1
2015-10-14	10:23:57 PM	GET /assets/bootflat/js/site.min.js HTTP/1.1
2015-10-14	10:23:57 PM	GET /assets/bootflat/js/site.min.map HTTP/1.1
2015-10-14	10:23:57 PM	GET /favicon.ico HTTP/1.1
2015-10-14	10:24:07 PM	GET /favicon.ico HTTP/1.1
2015-10-14	10:24:08 PM	
2015-10-14	10:24:09 PM	
2015-10-14	10:24:10 PM	
2015-10-14	10:24:11 PM	
2015-10-14	10:24:12 PM	
2015-10-14	10:24:22 PM	GET / HTTP/1.1
2015-10-14	10:24:22 PM	GET /assets/loader.js HTTP/1.1
2015-10-14	10:24:22 PM	GET /assets/app/js/app.js HTTP/1.1
2015-10-14	10:24:22 PM	GET /assets/bootstrap/css/bootstrap.min.css HTTP/1.1
2015-10-14	10:24:22 PM	GET /assets/bootflat-custom/css/site.min.css HTTP/1.1
2015-10-14	10:24:22 PM	GET /assets/app/css/main.css HTTP/1.1
2015-10-14	10:24:22 PM	GET /assets/bootflat-custom/css/site.min.css.map HTTP/1.1
2015-10-14	10:24:22 PM	GET /assets/jquery/jquery.min.js HTTP/1.1
2015-10-14	10:24:22 PM	GET /assets/app/css/main.css.map HTTP/1.1
2015-10-14	10:24:22 PM	GET /assets/bootstrap/js/bootstrap.min.js HTTP/1.1
2015-10-14	10:24:22 PM	GET /assets/bootflat/js/site.min.js HTTP/1.1
2015-10-14	10:24:22 PM	GET /assets/bootflat/js/site.min.map HTTP/1.1
2015-10-14	10:24:22 PM	GET /favicon.ico HTTP/1.1
2015-10-14	10:24:28 PM	GET / HTTP/1.1
2015-10-14	10:24:29 PM	GET /assets/loader.js HTTP/1.1
2015-10-14	10:24:29 PM	GET /assets/app/js/app.js HTTP/1.1
2015-10-14	10:24:29 PM	GET /assets/bootstrap/css/bootstrap.min.css HTTP/1.1
2015-10-14	10:24:29 PM	GET /assets/bootflat-custom/css/site.min.css HTTP/1.1
2015-10-14	10:24:29 PM	GET /assets/app/css/main.css HTTP/1.1
2015-10-14	10:24:29 PM	GET /assets/jquery/jquery.min.js HTTP/1.1
2015-10-14	10:24:29 PM	GET /assets/bootstrap/js/bootstrap.min.js HTTP/1.1
2015-10-14	10:24:29 PM	GET /assets/bootflat/js/site.min.js HTTP/1.1
2015-10-14	10:24:30 PM	GET /favicon.ico HTTP/1.1
2015-10-14	10:25:24 PM	GET / HTTP/1.1
2015-10-14	10:25:24 PM	GET /assets/loader.js HTTP/1.1
2015-10-14	10:25:24 PM	GET /assets/app/js/app.js HTTP/1.1
2015-10-14	10:25:24 PM	GET /assets/bootstrap/css/bootstrap.min.css HTTP/1.1
2015-10-14	10:25:24 PM	GET /assets/bootflat-custom/css/site.min.css HTTP/1.1
2015-10-14	10:25:24 PM	GET /assets/app/css/main.css HTTP/1.1
2015-10-14	10:25:24 PM	GET /assets/bootflat-custom/css/site.min.css.map HTTP/1.1
2015-10-14	10:25:24 PM	GET /assets/app/css/main.css.map HTTP/1.1
2015-10-14	10:25:24 PM	GET /assets/jquery/jquery.min.js HTTP/1.1
2015-10-14	10:25:24 PM	GET /assets/bootstrap/js/bootstrap.min.js HTTP/1.1
2015-10-14	10:25:24 PM	GET /assets/bootflat/js/site.min.js HTTP/1.1
2015-10-14	10:25:25 PM	GET /assets/bootflat/js/site.min.map HTTP/1.1
2015-10-14	10:25:25 PM	GET /favicon.ico HTTP/1.1
2015-10-14	10:25:25 PM	GET / HTTP/1.1
2015-10-14	10:25:25 PM	GET /assets/loader.js HTTP/1.1
2015-10-14	10:25:25 PM	GET /assets/app/js/app.js HTTP/1.1
2015-10-14	10:25:25 PM	GET /assets/bootstrap/css/bootstrap.min.css HTTP/1.1
2015-10-14	10:25:25 PM	GET /assets/bootflat-custom/css/site.min.css HTTP/1.1
2015-10-14	10:25:25 PM	GET /assets/app/css/main.css HTTP/1.1
2015-10-14	10:25:25 PM	GET /assets/bootflat-custom/css/site.min.css.map HTTP/1.1
2015-10-14	10:25:25 PM	GET /assets/app/css/main.css.map HTTP/1.1
2015-10-14	10:25:25 PM	GET /assets/jquery/jquery.min.js HTTP/1.1
2015-10-14	10:25:25 PM	GET /assets/bootstrap/js/bootstrap.min.js HTTP/1.1
2015-10-14	10:25:25 PM	GET /assets/bootflat/js/site.min.js HTTP/1.1
2015-10-14	10:25:25 PM	GET /assets/bootflat/js/site.min.map HTTP/1.1
2015-10-14	10:25:26 PM	GET /favicon.ico HTTP/1.1
2015-10-14	10:25:44 PM	GET / HTTP/1.1
2015-10-14	10:25:45 PM	GET /assets/loader.js HTTP/1.1
2015-10-14	10:25:45 PM	GET /assets/app/js/app.js HTTP/1.1
2015-10-14	10:25:45 PM	GET /assets/bootstrap/css/bootstrap.min.css HTTP/1.1
2015-10-14	10:25:45 PM	GET /assets/bootflat-custom/css/site.min.css HTTP/1.1
2015-10-14	10:25:45 PM	GET /assets/app/css/main.css HTTP/1.1
2015-10-14	10:25:45 PM	GET /assets/bootflat-custom/css/site.min.css.map HTTP/1.1
2015-10-14	10:25:45 PM	GET /assets/app/css/main.css.map HTTP/1.1
2015-10-14	10:25:45 PM	GET /assets/jquery/jquery.min.js HTTP/1.1
2015-10-14	10:25:45 PM	GET /assets/bootstrap/js/bootstrap.min.js HTTP/1.1
2015-10-14	10:25:45 PM	GET /assets/bootflat/js/site.min.js HTTP/1.1
2015-10-14	10:25:45 PM	GET /assets/bootflat/js/site.min.map HTTP/1.1
2015-10-14	10:25:45 PM	GET /favicon.ico HTTP/1.1
2015-10-14	10:27:33 PM	GET / HTTP/1.1
2015-10-14	10:27:33 PM	GET /assets/loader.js HTTP/1.1
2015-10-14	10:27:33 PM	GET /assets/app/js/app.js HTTP/1.1
2015-10-14	10:27:33 PM	GET /assets/bootstrap/css/bootstrap.min.css HTTP/1.1
2015-10-14	10:27:33 PM	GET /assets/app/css/main.css HTTP/1.1
2015-10-14	10:27:33 PM	GET /assets/bootflat-custom/css/site.min.css HTTP/1.1
2015-10-14	10:27:33 PM	GET /assets/jquery/jquery.min.js HTTP/1.1
2015-10-14	10:27:34 PM	GET /assets/bootstrap/js/bootstrap.min.js HTTP/1.1
2015-10-14	10:27:34 PM	GET /assets/bootflat/js/site.min.js HTTP/1.1
2015-10-14	10:27:34 PM	GET /favicon.ico HTTP/1.1
2015-10-14	10:27:55 PM	GET / HTTP/1.1
2015-10-14	10:27:55 PM	GET /assets/loader.js HTTP/1.1
2015-10-14	10:27:55 PM	GET /assets/app/js/app.js HTTP/1.1
2015-10-14	10:27:55 PM	GET /assets/bootstrap/css/bootstrap.min.css HTTP/1.1
2015-10-14	10:27:55 PM	GET /assets/bootflat-custom/css/site.min.css HTTP/1.1
2015-10-14	10:27:55 PM	GET /assets/app/css/main.css HTTP/1.1
2015-10-14	10:27:55 PM	GET /assets/jquery/jquery.min.js HTTP/1.1
2015-10-14	10:27:55 PM	GET /assets/bootstrap/js/bootstrap.min.js HTTP/1.1
2015-10-14	10:27:55 PM	GET /assets/bootflat/js/site.min.js HTTP/1.1
2015-10-14	10:27:56 PM	GET /favicon.ico HTTP/1.1
2015-10-14	10:28:20 PM	GET / HTTP/1.1
2015-10-14	10:28:20 PM	GET /assets/loader.js HTTP/1.1
2015-10-14	10:28:20 PM	GET /assets/app/js/app.js HTTP/1.1
2015-10-14	10:28:20 PM	GET /assets/bootstrap/css/bootstrap.min.css HTTP/1.1
2015-10-14	10:28:20 PM	GET /assets/bootflat-custom/css/site.min.css HTTP/1.1
2015-10-14	10:28:20 PM	GET /assets/app/css/main.css HTTP/1.1
2015-10-14	10:28:20 PM	GET /assets/jquery/jquery.min.js HTTP/1.1
2015-10-14	10:28:21 PM	GET /assets/bootstrap/js/bootstrap.min.js HTTP/1.1
2015-10-14	10:28:21 PM	GET /assets/bootflat/js/site.min.js HTTP/1.1
2015-10-14	10:28:21 PM	GET /favicon.ico HTTP/1.1
2015-10-14	10:28:41 PM	GET / HTTP/1.1
2015-10-14	10:28:41 PM	GET /assets/loader.js HTTP/1.1
2015-10-14	10:28:41 PM	GET /assets/app/js/app.js HTTP/1.1
2015-10-14	10:28:41 PM	GET /assets/bootflat-custom/css/site.min.css HTTP/1.1
2015-10-14	10:28:41 PM	GET /assets/bootstrap/css/bootstrap.min.css HTTP/1.1
2015-10-14	10:28:41 PM	GET /assets/app/css/main.css HTTP/1.1
2015-10-14	10:28:41 PM	GET /assets/jquery/jquery.min.js HTTP/1.1
2015-10-14	10:28:41 PM	GET /assets/bootstrap/js/bootstrap.min.js HTTP/1.1
2015-10-14	10:28:42 PM	GET /assets/bootflat/js/site.min.js HTTP/1.1
2015-10-14	10:28:42 PM	GET /favicon.ico HTTP/1.1
2015-10-14	10:28:58 PM	GET / HTTP/1.1
2015-10-14	10:28:58 PM	GET /assets/loader.js HTTP/1.1
2015-10-14	10:28:58 PM	GET /assets/app/js/app.js HTTP/1.1
2015-10-14	10:28:58 PM	GET /assets/bootstrap/css/bootstrap.min.css HTTP/1.1
2015-10-14	10:28:58 PM	GET /assets/bootflat-custom/css/site.min.css HTTP/1.1
2015-10-14	10:28:58 PM	GET /assets/app/css/main.css HTTP/1.1
2015-10-14	10:28:58 PM	GET /assets/jquery/jquery.min.js HTTP/1.1
2015-10-14	10:28:58 PM	GET /assets/bootstrap/js/bootstrap.min.js HTTP/1.1
2015-10-14	10:28:59 PM	GET /assets/bootflat/js/site.min.js HTTP/1.1
2015-10-14	10:28:59 PM	GET /favicon.ico HTTP/1.1
2015-10-14	10:29:02 PM	GET / HTTP/1.1
2015-10-14	10:29:02 PM	GET /assets/loader.js HTTP/1.1
2015-10-14	10:29:02 PM	GET /assets/app/js/app.js HTTP/1.1
2015-10-14	10:29:02 PM	GET /assets/bootstrap/css/bootstrap.min.css HTTP/1.1
2015-10-14	10:29:02 PM	GET /assets/bootflat-custom/css/site.min.css HTTP/1.1
2015-10-14	10:29:02 PM	GET /assets/app/css/main.css HTTP/1.1
2015-10-14	10:29:02 PM	GET /assets/jquery/jquery.min.js HTTP/1.1
2015-10-14	10:29:03 PM	GET /assets/bootstrap/js/bootstrap.min.js HTTP/1.1
2015-10-14	10:29:03 PM	GET /assets/bootflat/js/site.min.js HTTP/1.1
2015-10-14	10:29:03 PM	GET /favicon.ico HTTP/1.1
2015-10-14	10:29:10 PM	GET / HTTP/1.1
2015-10-14	10:29:10 PM	GET /assets/loader.js HTTP/1.1
2015-10-14	10:29:10 PM	GET /assets/app/js/app.js HTTP/1.1
2015-10-14	10:29:10 PM	GET /assets/bootstrap/css/bootstrap.min.css HTTP/1.1
2015-10-14	10:29:10 PM	GET /assets/bootflat-custom/css/site.min.css HTTP/1.1
2015-10-14	10:29:10 PM	GET /assets/app/css/main.css HTTP/1.1
2015-10-14	10:29:10 PM	GET /assets/jquery/jquery.min.js HTTP/1.1
2015-10-14	10:29:10 PM	GET /assets/bootstrap/js/bootstrap.min.js HTTP/1.1
2015-10-14	10:29:10 PM	GET /assets/bootflat/js/site.min.js HTTP/1.1
2015-10-14	10:29:11 PM	GET /favicon.ico HTTP/1.1
2015-10-14	10:37:16 PM	GET / HTTP/1.1
2015-10-14	10:37:17 PM	GET /assets/loader.js HTTP/1.1
2015-10-14	10:37:17 PM	GET /assets/app/js/app.js HTTP/1.1
2015-10-14	10:37:17 PM	GET /assets/bootstrap/css/bootstrap.min.css HTTP/1.1
2015-10-14	10:37:17 PM	GET /assets/bootflat-custom/css/site.min.css HTTP/1.1
2015-10-14	10:37:17 PM	GET /assets/app/css/main.css HTTP/1.1
2015-10-14	10:37:17 PM	GET /assets/bootflat-custom/css/site.min.css.map HTTP/1.1
2015-10-14	10:37:17 PM	GET /assets/app/css/main.css.map HTTP/1.1
2015-10-14	10:37:17 PM	GET /assets/jquery/jquery.min.js HTTP/1.1
2015-10-14	10:37:17 PM	GET /assets/bootstrap/js/bootstrap.min.js HTTP/1.1
2015-10-14	10:37:17 PM	GET /assets/bootflat/js/site.min.js HTTP/1.1
2015-10-14	10:37:17 PM	GET /assets/bootflat/js/site.min.map HTTP/1.1
2015-10-14	10:37:17 PM	GET /favicon.ico HTTP/1.1
2015-10-14	10:37:28 PM	GET / HTTP/1.1
2015-10-14	10:37:28 PM	GET /assets/loader.js HTTP/1.1
2015-10-14	10:37:28 PM	GET /assets/app/js/app.js HTTP/1.1
2015-10-14	10:37:28 PM	GET /assets/bootstrap/css/bootstrap.min.css HTTP/1.1
2015-10-14	10:37:28 PM	GET /assets/bootflat-custom/css/site.min.css HTTP/1.1
2015-10-14	10:37:28 PM	GET /assets/app/css/main.css HTTP/1.1
2015-10-14	10:37:29 PM	GET /assets/jquery/jquery.min.js HTTP/1.1
2015-10-14	10:37:29 PM	GET /assets/bootstrap/js/bootstrap.min.js HTTP/1.1
2015-10-14	10:37:29 PM	GET /assets/bootflat/js/site.min.js HTTP/1.1
2015-10-14	10:37:29 PM	GET /favicon.ico HTTP/1.1
2015-10-14	10:38:47 PM	GET / HTTP/1.1
2015-10-14	10:38:47 PM	GET /assets/loader.js HTTP/1.1
2015-10-14	10:38:47 PM	GET /assets/app/js/app.js HTTP/1.1
2015-10-14	10:38:47 PM	GET /assets/bootstrap/css/bootstrap.min.css HTTP/1.1
2015-10-14	10:38:47 PM	GET /assets/bootflat-custom/css/site.min.css HTTP/1.1
2015-10-14	10:38:47 PM	GET /assets/app/css/main.css HTTP/1.1
2015-10-14	10:38:47 PM	GET /assets/jquery/jquery.min.js HTTP/1.1
2015-10-14	10:38:47 PM	GET /assets/bootflat-custom/css/site.min.css.map HTTP/1.1
2015-10-14	10:38:47 PM	GET /assets/app/css/main.css.map HTTP/1.1
2015-10-14	10:38:47 PM	GET /assets/bootstrap/js/bootstrap.min.js HTTP/1.1
2015-10-14	10:38:47 PM	GET /assets/bootflat/js/site.min.js HTTP/1.1
2015-10-14	10:38:47 PM	GET /assets/bootflat/js/site.min.map HTTP/1.1
2015-10-14	10:38:47 PM	GET /favicon.ico HTTP/1.1
2015-10-14	10:38:59 PM	GET / HTTP/1.1
2015-10-14	10:38:59 PM	GET /assets/loader.js HTTP/1.1
2015-10-14	10:38:59 PM	GET /assets/app/js/app.js HTTP/1.1
2015-10-14	10:38:59 PM	GET /assets/bootstrap/css/bootstrap.min.css HTTP/1.1
2015-10-14	10:38:59 PM	GET /assets/bootflat-custom/css/site.min.css HTTP/1.1
2015-10-14	10:38:59 PM	GET /assets/app/css/main.css HTTP/1.1
2015-10-14	10:38:59 PM	GET /assets/bootflat-custom/css/site.min.css.map HTTP/1.1
2015-10-14	10:38:59 PM	GET /assets/app/css/main.css.map HTTP/1.1
2015-10-14	10:38:59 PM	GET /assets/jquery/jquery.min.js HTTP/1.1
2015-10-14	10:38:59 PM	GET /assets/bootstrap/js/bootstrap.min.js HTTP/1.1
2015-10-14	10:38:59 PM	GET /assets/bootflat/js/site.min.js HTTP/1.1
2015-10-14	10:39:00 PM	GET /assets/bootflat/js/site.min.map HTTP/1.1
2015-10-14	10:39:00 PM	GET /favicon.ico HTTP/1.1
2015-10-14	10:39:28 PM	GET / HTTP/1.1
2015-10-14	10:39:29 PM	GET /assets/loader.js HTTP/1.1
2015-10-14	10:39:29 PM	GET /assets/app/js/app.js HTTP/1.1
2015-10-14	10:39:29 PM	GET /assets/bootstrap/css/bootstrap.min.css HTTP/1.1
2015-10-14	10:39:29 PM	GET /assets/bootflat-custom/css/site.min.css HTTP/1.1
2015-10-14	10:39:29 PM	GET /assets/app/css/main.css HTTP/1.1
2015-10-14	10:39:29 PM	GET /assets/bootflat-custom/css/site.min.css.map HTTP/1.1
2015-10-14	10:39:29 PM	GET /assets/app/css/main.css.map HTTP/1.1
2015-10-14	10:39:29 PM	GET /assets/jquery/jquery.min.js HTTP/1.1
2015-10-14	10:39:29 PM	GET /assets/bootstrap/js/bootstrap.min.js HTTP/1.1
2015-10-14	10:39:29 PM	GET /assets/bootflat/js/site.min.js HTTP/1.1
2015-10-14	10:39:29 PM	GET /assets/bootflat/js/site.min.map HTTP/1.1
2015-10-14	10:39:29 PM	GET /favicon.ico HTTP/1.1
2015-10-14	10:40:31 PM	GET / HTTP/1.1
2015-10-14	10:40:31 PM	GET /assets/loader.js HTTP/1.1
2015-10-14	10:40:31 PM	GET /assets/app/js/app.js HTTP/1.1
2015-10-14	10:40:31 PM	GET /assets/bootstrap/css/bootstrap.min.css HTTP/1.1
2015-10-14	10:40:31 PM	GET /assets/bootflat-custom/css/site.min.css HTTP/1.1
2015-10-14	10:40:31 PM	GET /assets/app/css/main.css HTTP/1.1
2015-10-14	10:40:31 PM	GET /assets/bootflat-custom/css/site.min.css.map HTTP/1.1
2015-10-14	10:40:31 PM	GET /assets/app/css/main.css.map HTTP/1.1
2015-10-14	10:40:31 PM	GET /assets/jquery/jquery.min.js HTTP/1.1
2015-10-14	10:40:31 PM	GET /assets/bootstrap/js/bootstrap.min.js HTTP/1.1
2015-10-14	10:40:31 PM	GET /assets/bootflat/js/site.min.js HTTP/1.1
2015-10-14	10:40:31 PM	GET /assets/bootflat/js/site.min.map HTTP/1.1
2015-10-14	10:40:31 PM	GET /favicon.ico HTTP/1.1
2015-10-14	10:40:41 PM	GET / HTTP/1.1
2015-10-14	10:40:41 PM	GET /assets/loader.js HTTP/1.1
2015-10-14	10:40:41 PM	GET /assets/app/js/app.js HTTP/1.1
2015-10-14	10:40:41 PM	GET /assets/bootstrap/css/bootstrap.min.css HTTP/1.1
2015-10-14	10:40:41 PM	GET /assets/bootflat-custom/css/site.min.css HTTP/1.1
2015-10-14	10:40:41 PM	GET /assets/app/css/main.css HTTP/1.1
2015-10-14	10:40:41 PM	GET /assets/bootflat-custom/css/site.min.css.map HTTP/1.1
2015-10-14	10:40:41 PM	GET /assets/app/css/main.css.map HTTP/1.1
2015-10-14	10:40:41 PM	GET /assets/jquery/jquery.min.js HTTP/1.1
2015-10-14	10:40:41 PM	GET /assets/bootstrap/js/bootstrap.min.js HTTP/1.1
2015-10-14	10:40:41 PM	GET /assets/bootflat/js/site.min.js HTTP/1.1
2015-10-14	10:40:41 PM	GET /assets/bootflat/js/site.min.map HTTP/1.1
2015-10-14	10:40:41 PM	GET /favicon.ico HTTP/1.1
2015-10-14	10:40:46 PM	GET / HTTP/1.1
2015-10-14	10:40:46 PM	GET /assets/loader.js HTTP/1.1
2015-10-14	10:40:46 PM	GET /assets/app/js/app.js HTTP/1.1
2015-10-14	10:40:46 PM	GET /assets/bootstrap/css/bootstrap.min.css HTTP/1.1
2015-10-14	10:40:46 PM	GET /assets/bootflat-custom/css/site.min.css HTTP/1.1
2015-10-14	10:40:46 PM	GET /assets/app/css/main.css HTTP/1.1
2015-10-14	10:40:46 PM	GET /assets/bootflat-custom/css/site.min.css.map HTTP/1.1
2015-10-14	10:40:46 PM	GET /assets/app/css/main.css.map HTTP/1.1
2015-10-14	10:40:46 PM	GET /assets/jquery/jquery.min.js HTTP/1.1
2015-10-14	10:40:46 PM	GET /assets/bootstrap/js/bootstrap.min.js HTTP/1.1
2015-10-14	10:40:46 PM	GET /assets/bootflat/js/site.min.js HTTP/1.1
2015-10-14	10:40:46 PM	GET /assets/bootflat/js/site.min.map HTTP/1.1
2015-10-14	10:40:46 PM	GET /favicon.ico HTTP/1.1
2015-10-14	10:40:52 PM	GET / HTTP/1.1
2015-10-14	10:40:52 PM	GET /assets/loader.js HTTP/1.1
2015-10-14	10:40:52 PM	GET /assets/app/js/app.js HTTP/1.1
2015-10-14	10:40:52 PM	GET /assets/bootstrap/css/bootstrap.min.css HTTP/1.1
2015-10-14	10:40:52 PM	GET /assets/bootflat-custom/css/site.min.css HTTP/1.1
2015-10-14	10:40:52 PM	GET /assets/app/css/main.css HTTP/1.1
2015-10-14	10:40:52 PM	GET /assets/bootflat-custom/css/site.min.css.map HTTP/1.1
2015-10-14	10:40:52 PM	GET /assets/app/css/main.css.map HTTP/1.1
2015-10-14	10:40:52 PM	GET /assets/jquery/jquery.min.js HTTP/1.1
2015-10-14	10:40:52 PM	GET /assets/bootstrap/js/bootstrap.min.js HTTP/1.1
2015-10-14	10:40:52 PM	GET /assets/bootflat/js/site.min.js HTTP/1.1
2015-10-14	10:40:52 PM	GET /assets/bootflat/js/site.min.map HTTP/1.1
2015-10-14	10:40:52 PM	GET /favicon.ico HTTP/1.1
2015-10-14	10:41:13 PM	GET / HTTP/1.1
2015-10-14	10:41:13 PM	GET /assets/loader.js HTTP/1.1
2015-10-14	10:41:13 PM	GET /assets/app/js/app.js HTTP/1.1
2015-10-14	10:41:14 PM	GET /assets/bootstrap/css/bootstrap.min.css HTTP/1.1
2015-10-14	10:41:14 PM	GET /assets/bootflat-custom/css/site.min.css HTTP/1.1
2015-10-14	10:41:14 PM	GET /assets/app/css/main.css HTTP/1.1
2015-10-14	10:41:14 PM	GET /assets/jquery/jquery.min.js HTTP/1.1
2015-10-14	10:41:14 PM	GET /assets/bootstrap/js/bootstrap.min.js HTTP/1.1
2015-10-14	10:41:14 PM	GET /assets/bootflat/js/site.min.js HTTP/1.1
2015-10-14	10:41:14 PM	GET /favicon.ico HTTP/1.1
2015-10-14	10:41:31 PM	GET / HTTP/1.1
2015-10-14	10:41:32 PM	GET /assets/loader.js HTTP/1.1
2015-10-14	10:41:32 PM	GET /assets/app/js/app.js HTTP/1.1
2015-10-14	10:41:32 PM	GET /assets/bootstrap/css/bootstrap.min.css HTTP/1.1
2015-10-14	10:41:32 PM	GET /assets/bootflat-custom/css/site.min.css HTTP/1.1
2015-10-14	10:41:32 PM	GET /assets/app/css/main.css HTTP/1.1
2015-10-14	10:41:32 PM	GET /assets/jquery/jquery.min.js HTTP/1.1
2015-10-14	10:41:32 PM	GET /assets/bootstrap/js/bootstrap.min.js HTTP/1.1
2015-10-14	10:41:32 PM	GET /assets/bootflat/js/site.min.js HTTP/1.1
2015-10-14	10:41:32 PM	GET /favicon.ico HTTP/1.1
2015-10-14	10:44:23 PM	GET / HTTP/1.1
2015-10-14	10:44:23 PM	GET /assets/loader.js HTTP/1.1
2015-10-14	10:44:23 PM	GET /assets/app/js/app.js HTTP/1.1
2015-10-14	10:44:23 PM	GET /assets/bootflat-custom/css/site.min.css HTTP/1.1
2015-10-14	10:44:23 PM	GET /assets/bootstrap/css/bootstrap.min.css HTTP/1.1
2015-10-14	10:44:23 PM	GET /assets/app/css/main.css HTTP/1.1
2015-10-14	10:44:23 PM	GET /assets/jquery/jquery.min.js HTTP/1.1
2015-10-14	10:44:23 PM	GET /assets/bootstrap/js/bootstrap.min.js HTTP/1.1
2015-10-14	10:44:24 PM	GET /assets/bootflat/js/site.min.js HTTP/1.1
2015-10-14	10:44:24 PM	GET /favicon.ico HTTP/1.1
2015-10-14	10:44:26 PM	GET / HTTP/1.1
2015-10-14	10:44:26 PM	GET /assets/loader.js HTTP/1.1
2015-10-14	10:44:26 PM	GET /assets/app/js/app.js HTTP/1.1
2015-10-14	10:44:26 PM	GET /assets/bootstrap/css/bootstrap.min.css HTTP/1.1
2015-10-14	10:44:26 PM	GET /assets/bootflat-custom/css/site.min.css HTTP/1.1
2015-10-14	10:44:26 PM	GET /assets/app/css/main.css HTTP/1.1
2015-10-14	10:44:26 PM	GET /assets/jquery/jquery.min.js HTTP/1.1
2015-10-14	10:44:26 PM	GET /assets/bootstrap/js/bootstrap.min.js HTTP/1.1
2015-10-14	10:44:26 PM	GET /assets/bootflat/js/site.min.js HTTP/1.1
2015-10-14	10:44:27 PM	GET /favicon.ico HTTP/1.1
2015-10-14	10:44:28 PM	GET / HTTP/1.1
2015-10-14	10:44:28 PM	GET /assets/loader.js HTTP/1.1
2015-10-14	10:44:28 PM	GET /assets/app/js/app.js HTTP/1.1
2015-10-14	10:44:28 PM	GET /assets/bootstrap/css/bootstrap.min.css HTTP/1.1
2015-10-14	10:44:28 PM	GET /assets/bootflat-custom/css/site.min.css HTTP/1.1
2015-10-14	10:44:28 PM	GET /assets/app/css/main.css HTTP/1.1
2015-10-14	10:44:28 PM	GET /assets/jquery/jquery.min.js HTTP/1.1
2015-10-14	10:44:28 PM	GET /assets/bootstrap/js/bootstrap.min.js HTTP/1.1
2015-10-14	10:44:28 PM	GET /assets/bootflat/js/site.min.js HTTP/1.1
2015-10-14	10:44:29 PM	GET /favicon.ico HTTP/1.1
2015-10-14	10:45:25 PM	GET / HTTP/1.1
2015-10-14	10:45:25 PM	GET /assets/loader.js HTTP/1.1
2015-10-14	10:45:26 PM	GET /assets/app/js/app.js HTTP/1.1
2015-10-14	10:45:26 PM	GET /assets/bootstrap/css/bootstrap.min.css HTTP/1.1
2015-10-14	10:45:26 PM	GET /assets/bootflat-custom/css/site.min.css HTTP/1.1
2015-10-14	10:45:26 PM	GET /assets/app/css/main.css HTTP/1.1
2015-10-14	10:45:26 PM	GET /assets/jquery/jquery.min.js HTTP/1.1
2015-10-14	10:45:26 PM	GET /assets/bootstrap/js/bootstrap.min.js HTTP/1.1
2015-10-14	10:45:26 PM	GET /assets/bootflat/js/site.min.js HTTP/1.1
2015-10-14	10:45:26 PM	GET /favicon.ico HTTP/1.1
2015-10-14	10:45:37 PM	GET / HTTP/1.1
2015-10-14	10:45:37 PM	GET /assets/loader.js HTTP/1.1
2015-10-14	10:45:37 PM	GET /assets/app/js/app.js HTTP/1.1
2015-10-14	10:45:37 PM	GET /assets/bootstrap/css/bootstrap.min.css HTTP/1.1
2015-10-14	10:45:37 PM	GET /assets/bootflat-custom/css/site.min.css HTTP/1.1
2015-10-14	10:45:37 PM	GET /assets/app/css/main.css HTTP/1.1
2015-10-14	10:45:37 PM	GET /assets/bootflat-custom/css/site.min.css.map HTTP/1.1
2015-10-14	10:45:37 PM	GET /assets/app/css/main.css.map HTTP/1.1
2015-10-14	10:45:37 PM	GET /assets/jquery/jquery.min.js HTTP/1.1
2015-10-14	10:45:37 PM	GET /assets/bootstrap/js/bootstrap.min.js HTTP/1.1
2015-10-14	10:45:37 PM	GET /assets/bootflat/js/site.min.js HTTP/1.1
2015-10-14	10:45:37 PM	GET /assets/bootflat/js/site.min.map HTTP/1.1
2015-10-14	10:45:37 PM	GET /favicon.ico HTTP/1.1
2015-10-14	10:45:53 PM	GET / HTTP/1.1
2015-10-14	10:45:53 PM	GET /assets/loader.js HTTP/1.1
2015-10-14	10:45:53 PM	GET /assets/app/js/app.js HTTP/1.1
2015-10-14	10:45:53 PM	GET /assets/bootstrap/css/bootstrap.min.css HTTP/1.1
2015-10-14	10:45:53 PM	GET /assets/bootflat-custom/css/site.min.css HTTP/1.1
2015-10-14	10:45:53 PM	GET /assets/app/css/main.css HTTP/1.1
2015-10-14	10:45:53 PM	GET /assets/bootflat-custom/css/site.min.css.map HTTP/1.1
2015-10-14	10:45:53 PM	GET /assets/app/css/main.css.map HTTP/1.1
2015-10-14	10:45:53 PM	GET /assets/jquery/jquery.min.js HTTP/1.1
2015-10-14	10:45:53 PM	GET /assets/bootstrap/js/bootstrap.min.js HTTP/1.1
2015-10-14	10:45:53 PM	GET /assets/bootflat/js/site.min.js HTTP/1.1
2015-10-14	10:45:53 PM	GET /assets/bootflat/js/site.min.map HTTP/1.1
2015-10-14	10:45:53 PM	GET /favicon.ico HTTP/1.1
2015-10-14	10:47:51 PM	GET / HTTP/1.1
2015-10-14	10:47:51 PM	GET /assets/loader.js HTTP/1.1
2015-10-14	10:47:51 PM	GET /assets/app/js/app.js HTTP/1.1
2015-10-14	10:47:51 PM	GET /assets/bootstrap/css/bootstrap.min.css HTTP/1.1
2015-10-14	10:47:51 PM	GET /assets/bootflat-custom/css/site.min.css HTTP/1.1
2015-10-14	10:47:51 PM	GET /assets/app/css/main.css HTTP/1.1
2015-10-14	10:47:51 PM	GET /assets/bootflat-custom/css/site.min.css.map HTTP/1.1
2015-10-14	10:47:51 PM	GET /assets/app/css/main.css.map HTTP/1.1
2015-10-14	10:47:51 PM	GET /assets/jquery/jquery.min.js HTTP/1.1
2015-10-14	10:47:51 PM	GET /assets/bootstrap/js/bootstrap.min.js HTTP/1.1
2015-10-14	10:47:51 PM	GET /assets/bootflat/js/site.min.js HTTP/1.1
2015-10-14	10:47:51 PM	GET /assets/bootflat/js/site.min.map HTTP/1.1
2015-10-14	10:47:51 PM	GET /favicon.ico HTTP/1.1
2015-10-14	10:48:04 PM	GET / HTTP/1.1
2015-10-14	10:48:05 PM	GET /assets/loader.js HTTP/1.1
2015-10-14	10:48:05 PM	GET /assets/app/js/app.js HTTP/1.1
2015-10-14	10:48:05 PM	GET /assets/bootstrap/css/bootstrap.min.css HTTP/1.1
2015-10-14	10:48:05 PM	GET /assets/bootflat-custom/css/site.min.css HTTP/1.1
2015-10-14	10:48:05 PM	GET /assets/app/css/main.css HTTP/1.1
2015-10-14	10:48:05 PM	GET /assets/bootflat-custom/css/site.min.css.map HTTP/1.1
2015-10-14	10:48:05 PM	GET /assets/app/css/main.css.map HTTP/1.1
2015-10-14	10:48:05 PM	GET /assets/jquery/jquery.min.js HTTP/1.1
2015-10-14	10:48:05 PM	GET /assets/bootstrap/js/bootstrap.min.js HTTP/1.1
2015-10-14	10:48:05 PM	GET /assets/bootflat/js/site.min.js HTTP/1.1
2015-10-14	10:48:05 PM	GET /assets/bootflat/js/site.min.map HTTP/1.1
2015-10-14	10:48:05 PM	GET /favicon.ico HTTP/1.1
2015-10-14	10:49:38 PM	GET / HTTP/1.1
2015-10-14	10:49:38 PM	GET /assets/loader.js HTTP/1.1
2015-10-14	10:49:38 PM	GET /assets/app/js/app.js HTTP/1.1
2015-10-14	10:49:38 PM	GET /assets/bootstrap/css/bootstrap.min.css HTTP/1.1
2015-10-14	10:49:38 PM	GET /assets/bootflat-custom/css/site.min.css HTTP/1.1
2015-10-14	10:49:38 PM	GET /assets/app/css/main.css HTTP/1.1
2015-10-14	10:49:38 PM	GET /assets/bootflat-custom/css/site.min.css.map HTTP/1.1
2015-10-14	10:49:38 PM	GET /assets/app/css/main.css.map HTTP/1.1
2015-10-14	10:49:38 PM	GET /assets/jquery/jquery.min.js HTTP/1.1
2015-10-14	10:49:38 PM	GET /assets/bootstrap/js/bootstrap.min.js HTTP/1.1
2015-10-14	10:49:38 PM	GET /assets/bootflat/js/site.min.js HTTP/1.1
2015-10-14	10:49:38 PM	GET /assets/bootflat/js/site.min.map HTTP/1.1
2015-10-14	10:49:38 PM	GET /favicon.ico HTTP/1.1
2015-10-14	10:49:45 PM	GET / HTTP/1.1
2015-10-14	10:49:45 PM	GET /assets/loader.js HTTP/1.1
2015-10-14	10:49:45 PM	GET /assets/app/js/app.js HTTP/1.1
2015-10-14	10:49:45 PM	GET /assets/bootstrap/css/bootstrap.min.css HTTP/1.1
2015-10-14	10:49:45 PM	GET /assets/bootflat-custom/css/site.min.css HTTP/1.1
2015-10-14	10:49:45 PM	GET /assets/app/css/main.css HTTP/1.1
2015-10-14	10:49:45 PM	GET /assets/bootflat-custom/css/site.min.css.map HTTP/1.1
2015-10-14	10:49:45 PM	GET /assets/app/css/main.css.map HTTP/1.1
2015-10-14	10:49:45 PM	GET /assets/jquery/jquery.min.js HTTP/1.1
2015-10-14	10:49:45 PM	GET /assets/bootstrap/js/bootstrap.min.js HTTP/1.1
2015-10-14	10:49:45 PM	GET /assets/bootflat/js/site.min.js HTTP/1.1
2015-10-14	10:49:45 PM	GET /assets/bootflat/js/site.min.map HTTP/1.1
2015-10-14	10:49:45 PM	GET /favicon.ico HTTP/1.1
2015-10-14	10:49:47 PM	GET / HTTP/1.1
2015-10-14	10:49:47 PM	GET /assets/loader.js HTTP/1.1
2015-10-14	10:49:47 PM	GET /assets/app/js/app.js HTTP/1.1
2015-10-14	10:49:47 PM	GET /assets/bootstrap/css/bootstrap.min.css HTTP/1.1
2015-10-14	10:49:47 PM	GET /assets/bootflat-custom/css/site.min.css HTTP/1.1
2015-10-14	10:49:47 PM	GET /assets/app/css/main.css HTTP/1.1
2015-10-14	10:49:47 PM	GET /assets/jquery/jquery.min.js HTTP/1.1
2015-10-14	10:49:47 PM	GET /assets/bootstrap/js/bootstrap.min.js HTTP/1.1
2015-10-14	10:49:47 PM	GET /assets/bootflat/js/site.min.js HTTP/1.1
2015-10-14	10:49:48 PM	GET /favicon.ico HTTP/1.1
2015-10-14	10:51:23 PM	GET / HTTP/1.1
2015-10-14	10:51:23 PM	GET /assets/loader.js HTTP/1.1
2015-10-14	10:51:23 PM	GET /assets/app/js/app.js HTTP/1.1
2015-10-14	10:51:23 PM	GET /assets/bootstrap/css/bootstrap.min.css HTTP/1.1
2015-10-14	10:51:23 PM	GET /assets/bootflat-custom/css/site.min.css HTTP/1.1
2015-10-14	10:51:23 PM	GET /assets/app/css/main.css HTTP/1.1
2015-10-14	10:51:23 PM	GET /assets/jquery/jquery.min.js HTTP/1.1
2015-10-14	10:51:23 PM	GET /assets/bootstrap/js/bootstrap.min.js HTTP/1.1
2015-10-14	10:51:23 PM	GET /assets/bootflat/js/site.min.js HTTP/1.1
2015-10-14	10:51:24 PM	GET /favicon.ico HTTP/1.1
2015-10-14	10:51:40 PM	GET / HTTP/1.1
2015-10-14	10:51:40 PM	GET /assets/loader.js HTTP/1.1
2015-10-14	10:51:40 PM	GET /assets/app/js/app.js HTTP/1.1
2015-10-14	10:51:40 PM	GET /assets/bootflat-custom/css/site.min.css HTTP/1.1
2015-10-14	10:51:40 PM	GET /assets/bootstrap/css/bootstrap.min.css HTTP/1.1
2015-10-14	10:51:40 PM	GET /assets/app/css/main.css HTTP/1.1
2015-10-14	10:51:40 PM	GET /assets/jquery/jquery.min.js HTTP/1.1
2015-10-14	10:51:41 PM	GET /assets/bootstrap/js/bootstrap.min.js HTTP/1.1
2015-10-14	10:51:41 PM	GET /assets/bootflat/js/site.min.js HTTP/1.1
2015-10-14	10:51:41 PM	GET /favicon.ico HTTP/1.1
2015-10-14	10:51:50 PM	GET / HTTP/1.1
2015-10-14	10:51:50 PM	GET /assets/loader.js HTTP/1.1
2015-10-14	10:51:50 PM	GET /assets/app/js/app.js HTTP/1.1
2015-10-14	10:51:50 PM	GET /assets/bootstrap/css/bootstrap.min.css HTTP/1.1
2015-10-14	10:51:50 PM	GET /assets/bootflat-custom/css/site.min.css HTTP/1.1
2015-10-14	10:51:50 PM	GET /assets/app/css/main.css HTTP/1.1
2015-10-14	10:51:50 PM	GET /assets/jquery/jquery.min.js HTTP/1.1
2015-10-14	10:51:51 PM	GET /assets/bootstrap/js/bootstrap.min.js HTTP/1.1
2015-10-14	10:51:51 PM	GET /assets/bootflat/js/site.min.js HTTP/1.1
2015-10-14	10:51:51 PM	GET /favicon.ico HTTP/1.1
2015-10-14	10:52:01 PM	GET / HTTP/1.1
2015-10-14	10:52:02 PM	GET /assets/loader.js HTTP/1.1
2015-10-14	10:52:02 PM	GET /assets/app/js/app.js HTTP/1.1
2015-10-14	10:52:02 PM	GET /assets/bootstrap/css/bootstrap.min.css HTTP/1.1
2015-10-14	10:52:02 PM	GET /assets/app/css/main.css HTTP/1.1
2015-10-14	10:52:02 PM	GET /assets/bootflat-custom/css/site.min.css HTTP/1.1
2015-10-14	10:52:02 PM	GET /assets/jquery/jquery.min.js HTTP/1.1
2015-10-14	10:52:02 PM	GET /assets/bootstrap/js/bootstrap.min.js HTTP/1.1
2015-10-14	10:52:02 PM	GET /assets/bootflat/js/site.min.js HTTP/1.1
2015-10-14	10:52:03 PM	GET /favicon.ico HTTP/1.1
2015-10-14	10:52:10 PM	GET / HTTP/1.1
2015-10-14	10:52:10 PM	GET /assets/loader.js HTTP/1.1
2015-10-14	10:52:10 PM	GET /assets/app/js/app.js HTTP/1.1
2015-10-14	10:52:10 PM	GET /assets/bootstrap/css/bootstrap.min.css HTTP/1.1
2015-10-14	10:52:11 PM	GET /assets/bootflat-custom/css/site.min.css HTTP/1.1
2015-10-14	10:52:11 PM	GET /assets/app/css/main.css HTTP/1.1
2015-10-14	10:52:11 PM	GET /assets/jquery/jquery.min.js HTTP/1.1
2015-10-14	10:52:11 PM	GET /assets/bootstrap/js/bootstrap.min.js HTTP/1.1
2015-10-14	10:52:11 PM	GET /assets/bootflat/js/site.min.js HTTP/1.1
2015-10-14	10:52:11 PM	GET /favicon.ico HTTP/1.1
2015-10-14	10:52:20 PM	GET / HTTP/1.1
2015-10-14	10:52:20 PM	GET /assets/loader.js HTTP/1.1
2015-10-14	10:52:20 PM	GET /assets/app/js/app.js HTTP/1.1
2015-10-14	10:52:20 PM	GET /assets/bootstrap/css/bootstrap.min.css HTTP/1.1
2015-10-14	10:52:20 PM	GET /assets/bootflat-custom/css/site.min.css HTTP/1.1
2015-10-14	10:52:20 PM	GET /assets/app/css/main.css HTTP/1.1
2015-10-14	10:52:20 PM	GET /assets/jquery/jquery.min.js HTTP/1.1
2015-10-14	10:52:21 PM	GET /assets/bootstrap/js/bootstrap.min.js HTTP/1.1
2015-10-14	10:52:21 PM	GET /assets/bootflat/js/site.min.js HTTP/1.1
2015-10-14	10:52:21 PM	GET /favicon.ico HTTP/1.1
2015-10-14	10:53:14 PM	GET / HTTP/1.1
2015-10-14	10:53:15 PM	GET /assets/loader.js HTTP/1.1
2015-10-14	10:53:15 PM	GET /assets/app/js/app.js HTTP/1.1
2015-10-14	10:53:15 PM	GET /assets/app/css/main.css HTTP/1.1
2015-10-14	10:53:15 PM	GET /assets/bootstrap/css/bootstrap.min.css HTTP/1.1
2015-10-14	10:53:15 PM	GET /assets/bootflat-custom/css/site.min.css HTTP/1.1
2015-10-14	10:53:15 PM	GET /assets/jquery/jquery.min.js HTTP/1.1
2015-10-14	10:53:16 PM	GET /assets/bootstrap/js/bootstrap.min.js HTTP/1.1
2015-10-14	10:53:16 PM	GET /assets/bootflat/js/site.min.js HTTP/1.1
2015-10-14	10:53:16 PM	GET /favicon.ico HTTP/1.1
2015-10-14	10:53:24 PM	GET / HTTP/1.1
2015-10-14	10:53:24 PM	GET /assets/loader.js HTTP/1.1
2015-10-14	10:53:24 PM	GET /assets/app/js/app.js HTTP/1.1
2015-10-14	10:53:24 PM	GET /assets/bootstrap/css/bootstrap.min.css HTTP/1.1
2015-10-14	10:53:25 PM	GET /assets/bootflat-custom/css/site.min.css HTTP/1.1
2015-10-14	10:53:25 PM	GET /assets/app/css/main.css HTTP/1.1
2015-10-14	10:53:25 PM	GET /assets/jquery/jquery.min.js HTTP/1.1
2015-10-14	10:53:25 PM	GET /assets/bootstrap/js/bootstrap.min.js HTTP/1.1
2015-10-14	10:53:25 PM	GET /assets/bootflat/js/site.min.js HTTP/1.1
2015-10-14	10:53:25 PM	GET /favicon.ico HTTP/1.1
2015-10-14	10:53:31 PM	GET / HTTP/1.1
2015-10-14	10:53:31 PM	GET /assets/loader.js HTTP/1.1
2015-10-14	10:53:31 PM	GET /assets/app/js/app.js HTTP/1.1
2015-10-14	10:53:31 PM	GET /assets/bootstrap/css/bootstrap.min.css HTTP/1.1
2015-10-14	10:53:31 PM	GET /assets/bootflat-custom/css/site.min.css HTTP/1.1
2015-10-14	10:53:31 PM	GET /assets/app/css/main.css HTTP/1.1
2015-10-14	10:53:31 PM	GET /assets/jquery/jquery.min.js HTTP/1.1
2015-10-14	10:53:31 PM	GET /assets/bootstrap/js/bootstrap.min.js HTTP/1.1
2015-10-14	10:53:31 PM	GET /assets/bootflat/js/site.min.js HTTP/1.1
2015-10-14	10:53:32 PM	GET /favicon.ico HTTP/1.1
2015-10-14	10:53:38 PM	GET / HTTP/1.1
2015-10-14	10:53:38 PM	GET /assets/loader.js HTTP/1.1
2015-10-14	10:53:38 PM	GET /assets/app/js/app.js HTTP/1.1
2015-10-14	10:53:38 PM	GET /assets/bootstrap/css/bootstrap.min.css HTTP/1.1
2015-10-14	10:53:38 PM	GET /assets/bootflat-custom/css/site.min.css HTTP/1.1
2015-10-14	10:53:38 PM	GET /assets/app/css/main.css HTTP/1.1
2015-10-14	10:53:38 PM	GET /assets/jquery/jquery.min.js HTTP/1.1
2015-10-14	10:53:39 PM	GET /assets/bootstrap/js/bootstrap.min.js HTTP/1.1
2015-10-14	10:53:39 PM	GET /assets/bootflat/js/site.min.js HTTP/1.1
2015-10-14	10:53:39 PM	GET /favicon.ico HTTP/1.1
2015-10-14	10:54:38 PM	GET / HTTP/1.1
2015-10-14	10:54:38 PM	GET /assets/loader.js HTTP/1.1
2015-10-14	10:54:38 PM	GET /assets/app/js/app.js HTTP/1.1
2015-10-14	10:54:39 PM	GET /assets/bootstrap/css/bootstrap.min.css HTTP/1.1
2015-10-14	10:54:39 PM	GET /assets/bootflat-custom/css/site.min.css HTTP/1.1
2015-10-14	10:54:39 PM	GET /assets/app/css/main.css HTTP/1.1
2015-10-14	10:54:39 PM	GET /assets/jquery/jquery.min.js HTTP/1.1
2015-10-14	10:54:39 PM	GET /assets/bootstrap/js/bootstrap.min.js HTTP/1.1
2015-10-14	10:54:39 PM	GET /assets/bootflat/js/site.min.js HTTP/1.1
2015-10-14	10:54:39 PM	GET /favicon.ico HTTP/1.1
2015-10-14	10:54:42 PM	GET / HTTP/1.1
2015-10-14	10:54:42 PM	GET /assets/loader.js HTTP/1.1
2015-10-14	10:54:42 PM	GET /assets/app/js/app.js HTTP/1.1
2015-10-14	10:54:42 PM	GET /assets/bootstrap/css/bootstrap.min.css HTTP/1.1
2015-10-14	10:54:42 PM	GET /assets/bootflat-custom/css/site.min.css HTTP/1.1
2015-10-14	10:54:42 PM	GET /assets/app/css/main.css HTTP/1.1
2015-10-14	10:54:42 PM	GET /assets/jquery/jquery.min.js HTTP/1.1
2015-10-14	10:54:42 PM	GET /assets/bootstrap/js/bootstrap.min.js HTTP/1.1
2015-10-14	10:54:42 PM	GET /assets/bootflat/js/site.min.js HTTP/1.1
2015-10-14	10:54:42 PM	GET /favicon.ico HTTP/1.1
